This file contains any messages produced by compilers while
running configure, to aid debugging if configure makes a mistake.

It was created by libaudclient configure 3.5-rc2, which was
generated by GNU Autoconf 2.69.  Invocation command line was

  $ ./configure 

## --------- ##
## Platform. ##
## --------- ##

hostname = raspiblaster
uname -m = armv7l
uname -r = 4.9.80-v7+
uname -s = Linux
uname -v = #1098 SMP Fri Mar 9 19:11:42 GMT 2018

/usr/bin/uname -p = unknown
/bin/uname -X     = unknown

/bin/arch              = unknown
/usr/bin/arch -k       = unknown
/usr/convex/getsysinfo = unknown
/usr/bin/hostinfo      = unknown
/bin/machine           = unknown
/usr/bin/oslevel       = unknown
/bin/universe          = unknown

PATH: /usr/local/sbin
PATH: /usr/local/bin
PATH: /usr/sbin
PATH: /usr/bin
PATH: /sbin
PATH: /bin
PATH: /usr/local/games
PATH: /usr/games


## ----------- ##
## Core tests. ##
## ----------- ##

configure:2092: checking build system type
configure:2106: result: armv7l-unknown-linux-gnueabihf
configure:2126: checking host system type
configure:2139: result: armv7l-unknown-linux-gnueabihf
configure:2159: checking target system type
configure:2172: result: armv7l-unknown-linux-gnueabihf
configure:2216: checking for a BSD-compatible install
configure:2284: result: /usr/bin/install -c
configure:2343: checking for gcc
configure:2359: found /usr/bin/gcc
configure:2370: result: gcc
configure:2599: checking for C compiler version
configure:2608: gcc --version >&5
gcc (Raspbian 6.3.0-18+rpi1+deb9u1) 6.3.0 20170516
Copyright (C) 2016 Free Software Foundation, Inc.
This is free software; see the source for copying conditions.  There is NO
warranty; not even for MERCHANTABILITY or FITNESS FOR A PARTICULAR PURPOSE.

configure:2619: $? = 0
configure:2608: gcc -v >&5
Using built-in specs.
COLLECT_GCC=gcc
COLLECT_LTO_WRAPPER=/usr/lib/gcc/arm-linux-gnueabihf/6/lto-wrapper
Target: arm-linux-gnueabihf
Configured with: ../src/configure -v --with-pkgversion='Raspbian 6.3.0-18+rpi1+deb9u1' --with-bugurl=file:///usr/share/doc/gcc-6/README.Bugs --enable-languages=c,ada,c++,java,go,d,fortran,objc,obj-c++ --prefix=/usr --program-suffix=-6 --program-prefix=arm-linux-gnueabihf- --enable-shared --enable-linker-build-id --libexecdir=/usr/lib --without-included-gettext --enable-threads=posix --libdir=/usr/lib --enable-nls --with-sysroot=/ --enable-clocale=gnu --enable-libstdcxx-debug --enable-libstdcxx-time=yes --with-default-libstdcxx-abi=new --enable-gnu-unique-object --disable-libitm --disable-libquadmath --enable-plugin --with-system-zlib --disable-browser-plugin --enable-java-awt=gtk --enable-gtk-cairo --with-java-home=/usr/lib/jvm/java-1.5.0-gcj-6-armhf/jre --enable-java-home --with-jvm-root-dir=/usr/lib/jvm/java-1.5.0-gcj-6-armhf --with-jvm-jar-dir=/usr/lib/jvm-exports/java-1.5.0-gcj-6-armhf --with-arch-directory=arm --with-ecj-jar=/usr/share/java/eclipse-ecj.jar --with-target-system-zlib --enable-objc-gc=auto --enable-multiarch --disable-sjlj-exceptions --with-arch=armv6 --with-fpu=vfp --with-float=hard --enable-checking=release --build=arm-linux-gnueabihf --host=arm-linux-gnueabihf --target=arm-linux-gnueabihf
Thread model: posix
gcc version 6.3.0 20170516 (Raspbian 6.3.0-18+rpi1+deb9u1) 
configure:2619: $? = 0
configure:2608: gcc -V >&5
gcc: error: unrecognized command line option '-V'
gcc: fatal error: no input files
compilation terminated.
configure:2619: $? = 1
configure:2608: gcc -qversion >&5
gcc: error: unrecognized command line option '-qversion'; did you mean '--version'?
gcc: fatal error: no input files
compilation terminated.
configure:2619: $? = 1
configure:2639: checking whether the C compiler works
configure:2661: gcc    conftest.c  >&5
configure:2665: $? = 0
configure:2713: result: yes
configure:2716: checking for C compiler default output file name
configure:2718: result: a.out
configure:2724: checking for suffix of executables
configure:2731: gcc -o conftest    conftest.c  >&5
configure:2735: $? = 0
configure:2757: result: 
configure:2779: checking whether we are cross compiling
configure:2787: gcc -o conftest    conftest.c  >&5
configure:2791: $? = 0
configure:2798: ./conftest
configure:2802: $? = 0
configure:2817: result: no
configure:2822: checking for suffix of object files
configure:2844: gcc -c   conftest.c >&5
configure:2848: $? = 0
configure:2869: result: o
configure:2873: checking whether we are using the GNU C compiler
configure:2892: gcc -c   conftest.c >&5
configure:2892: $? = 0
configure:2901: result: yes
configure:2910: checking whether gcc accepts -g
configure:2930: gcc -c -g  conftest.c >&5
configure:2930: $? = 0
configure:2971: result: yes
configure:2988: checking for gcc option to accept ISO C89
configure:3051: gcc  -c -g -O2  conftest.c >&5
configure:3051: $? = 0
configure:3064: result: none needed
configure:3142: checking for g++
configure:3158: found /usr/bin/g++
configure:3169: result: g++
configure:3196: checking for C++ compiler version
configure:3205: g++ --version >&5
g++ (Raspbian 6.3.0-18+rpi1+deb9u1) 6.3.0 20170516
Copyright (C) 2016 Free Software Foundation, Inc.
This is free software; see the source for copying conditions.  There is NO
warranty; not even for MERCHANTABILITY or FITNESS FOR A PARTICULAR PURPOSE.

configure:3216: $? = 0
configure:3205: g++ -v >&5
Using built-in specs.
COLLECT_GCC=g++
COLLECT_LTO_WRAPPER=/usr/lib/gcc/arm-linux-gnueabihf/6/lto-wrapper
Target: arm-linux-gnueabihf
Configured with: ../src/configure -v --with-pkgversion='Raspbian 6.3.0-18+rpi1+deb9u1' --with-bugurl=file:///usr/share/doc/gcc-6/README.Bugs --enable-languages=c,ada,c++,java,go,d,fortran,objc,obj-c++ --prefix=/usr --program-suffix=-6 --program-prefix=arm-linux-gnueabihf- --enable-shared --enable-linker-build-id --libexecdir=/usr/lib --without-included-gettext --enable-threads=posix --libdir=/usr/lib --enable-nls --with-sysroot=/ --enable-clocale=gnu --enable-libstdcxx-debug --enable-libstdcxx-time=yes --with-default-libstdcxx-abi=new --enable-gnu-unique-object --disable-libitm --disable-libquadmath --enable-plugin --with-system-zlib --disable-browser-plugin --enable-java-awt=gtk --enable-gtk-cairo --with-java-home=/usr/lib/jvm/java-1.5.0-gcj-6-armhf/jre --enable-java-home --with-jvm-root-dir=/usr/lib/jvm/java-1.5.0-gcj-6-armhf --with-jvm-jar-dir=/usr/lib/jvm-exports/java-1.5.0-gcj-6-armhf --with-arch-directory=arm --with-ecj-jar=/usr/share/java/eclipse-ecj.jar --with-target-system-zlib --enable-objc-gc=auto --enable-multiarch --disable-sjlj-exceptions --with-arch=armv6 --with-fpu=vfp --with-float=hard --enable-checking=release --build=arm-linux-gnueabihf --host=arm-linux-gnueabihf --target=arm-linux-gnueabihf
Thread model: posix
gcc version 6.3.0 20170516 (Raspbian 6.3.0-18+rpi1+deb9u1) 
configure:3216: $? = 0
configure:3205: g++ -V >&5
g++: error: unrecognized command line option '-V'
g++: fatal error: no input files
compilation terminated.
configure:3216: $? = 1
configure:3205: g++ -qversion >&5
g++: error: unrecognized command line option '-qversion'; did you mean '--version'?
g++: fatal error: no input files
compilation terminated.
configure:3216: $? = 1
configure:3220: checking whether we are using the GNU C++ compiler
configure:3239: g++ -c   conftest.cpp >&5
configure:3239: $? = 0
configure:3248: result: yes
configure:3257: checking whether g++ accepts -g
configure:3277: g++ -c -g  conftest.cpp >&5
configure:3277: $? = 0
configure:3318: result: yes
configure:3362: checking for style of include used by make
configure:3390: result: GNU
configure:3422: checking dependency style of gcc
configure:3531: result: none
configure:3552: checking how to run the C preprocessor
configure:3583: gcc -E  conftest.c
configure:3583: $? = 0
configure:3597: gcc -E  conftest.c
conftest.c:11:28: fatal error: ac_nonexistent.h: No such file or directory
 #include <ac_nonexistent.h>
                            ^
compilation terminated.
configure:3597: $? = 1
configure: failed program was:
| /* confdefs.h */
| #define PACKAGE_NAME "libaudclient"
| #define PACKAGE_TARNAME "libaudclient"
| #define PACKAGE_VERSION "3.5-rc2"
| #define PACKAGE_STRING "libaudclient 3.5-rc2"
| #define PACKAGE_BUGREPORT ""
| #define PACKAGE_URL ""
| #define PACKAGE "libaudclient"
| #define VERSION "3.5-rc2"
| /* end confdefs.h.  */
| #include <ac_nonexistent.h>
configure:3622: result: gcc -E
configure:3642: gcc -E  conftest.c
configure:3642: $? = 0
configure:3656: gcc -E  conftest.c
conftest.c:11:28: fatal error: ac_nonexistent.h: No such file or directory
 #include <ac_nonexistent.h>
                            ^
compilation terminated.
configure:3656: $? = 1
configure: failed program was:
| /* confdefs.h */
| #define PACKAGE_NAME "libaudclient"
| #define PACKAGE_TARNAME "libaudclient"
| #define PACKAGE_VERSION "3.5-rc2"
| #define PACKAGE_STRING "libaudclient 3.5-rc2"
| #define PACKAGE_BUGREPORT ""
| #define PACKAGE_URL ""
| #define PACKAGE "libaudclient"
| #define VERSION "3.5-rc2"
| /* end confdefs.h.  */
| #include <ac_nonexistent.h>
configure:3685: checking for grep that handles long lines and -e
configure:3743: result: /bin/grep
configure:3748: checking for egrep
configure:3810: result: /bin/grep -E
configure:3815: checking for ANSI C header files
configure:3835: gcc -c -g -O2  conftest.c >&5
configure:3835: $? = 0
configure:3908: gcc -o conftest -g -O2   conftest.c  >&5
configure:3908: $? = 0
configure:3908: ./conftest
configure:3908: $? = 0
configure:3919: result: yes
configure:3932: checking for sys/types.h
configure:3932: gcc -c -g -O2  conftest.c >&5
configure:3932: $? = 0
configure:3932: result: yes
configure:3932: checking for sys/stat.h
configure:3932: gcc -c -g -O2  conftest.c >&5
configure:3932: $? = 0
configure:3932: result: yes
configure:3932: checking for stdlib.h
configure:3932: gcc -c -g -O2  conftest.c >&5
configure:3932: $? = 0
configure:3932: result: yes
configure:3932: checking for string.h
configure:3932: gcc -c -g -O2  conftest.c >&5
configure:3932: $? = 0
configure:3932: result: yes
configure:3932: checking for memory.h
configure:3932: gcc -c -g -O2  conftest.c >&5
configure:3932: $? = 0
configure:3932: result: yes
configure:3932: checking for strings.h
configure:3932: gcc -c -g -O2  conftest.c >&5
configure:3932: $? = 0
configure:3932: result: yes
configure:3932: checking for inttypes.h
configure:3932: gcc -c -g -O2  conftest.c >&5
configure:3932: $? = 0
configure:3932: result: yes
configure:3932: checking for stdint.h
configure:3932: gcc -c -g -O2  conftest.c >&5
configure:3932: $? = 0
configure:3932: result: yes
configure:3932: checking for unistd.h
configure:3932: gcc -c -g -O2  conftest.c >&5
configure:3932: $? = 0
configure:3932: result: yes
configure:3944: checking whether byte ordering is bigendian
configure:3959: gcc -c -g -O2  conftest.c >&5
conftest.c:22:9: error: unknown type name 'not'
         not a universal capable compiler
         ^~~
conftest.c:22:15: error: expected '=', ',', ';', 'asm' or '__attribute__' before 'universal'
         not a universal capable compiler
               ^~~~~~~~~
conftest.c:22:15: error: unknown type name 'universal'
configure:3959: $? = 1
configure: failed program was:
| /* confdefs.h */
| #define PACKAGE_NAME "libaudclient"
| #define PACKAGE_TARNAME "libaudclient"
| #define PACKAGE_VERSION "3.5-rc2"
| #define PACKAGE_STRING "libaudclient 3.5-rc2"
| #define PACKAGE_BUGREPORT ""
| #define PACKAGE_URL ""
| #define PACKAGE "libaudclient"
| #define VERSION "3.5-rc2"
| #define STDC_HEADERS 1
| #define HAVE_SYS_TYPES_H 1
| #define HAVE_SYS_STAT_H 1
| #define HAVE_STDLIB_H 1
| #define HAVE_STRING_H 1
| #define HAVE_MEMORY_H 1
| #define HAVE_STRINGS_H 1
| #define HAVE_INTTYPES_H 1
| #define HAVE_STDINT_H 1
| #define HAVE_UNISTD_H 1
| /* end confdefs.h.  */
| #ifndef __APPLE_CC__
| 	       not a universal capable compiler
| 	     #endif
| 	     typedef int dummy;
| 
configure:4004: gcc -c -g -O2  conftest.c >&5
configure:4004: $? = 0
configure:4022: gcc -c -g -O2  conftest.c >&5
conftest.c: In function 'main':
conftest.c:28:4: error: unknown type name 'not'
    not big endian
    ^~~
conftest.c:28:12: error: expected '=', ',', ';', 'asm' or '__attribute__' before 'endian'
    not big endian
            ^~~~~~
configure:4022: $? = 1
configure: failed program was:
| /* confdefs.h */
| #define PACKAGE_NAME "libaudclient"
| #define PACKAGE_TARNAME "libaudclient"
| #define PACKAGE_VERSION "3.5-rc2"
| #define PACKAGE_STRING "libaudclient 3.5-rc2"
| #define PACKAGE_BUGREPORT ""
| #define PACKAGE_URL ""
| #define PACKAGE "libaudclient"
| #define VERSION "3.5-rc2"
| #define STDC_HEADERS 1
| #define HAVE_SYS_TYPES_H 1
| #define HAVE_SYS_STAT_H 1
| #define HAVE_STDLIB_H 1
| #define HAVE_STRING_H 1
| #define HAVE_MEMORY_H 1
| #define HAVE_STRINGS_H 1
| #define HAVE_INTTYPES_H 1
| #define HAVE_STDINT_H 1
| #define HAVE_UNISTD_H 1
| /* end confdefs.h.  */
| #include <sys/types.h>
| 		#include <sys/param.h>
| 
| int
| main ()
| {
| #if BYTE_ORDER != BIG_ENDIAN
| 		 not big endian
| 		#endif
| 
|   ;
|   return 0;
| }
configure:4150: result: no
configure:4175: checking for special C compiler options needed for large files
configure:4220: result: no
configure:4226: checking for _FILE_OFFSET_BITS value needed for large files
configure:4251: gcc -c -g -O2  conftest.c >&5
conftest.c:26:33: warning: left shift count >= width of type [-Wshift-count-overflow]
 #define LARGE_OFF_T (((off_t) 1 << 62) - 1 + ((off_t) 1 << 62))
                                 ^
conftest.c:27:23: note: in expansion of macro 'LARGE_OFF_T'
   int off_t_is_large[(LARGE_OFF_T % 2147483629 == 721
                       ^~~~~~~~~~~
conftest.c:26:57: warning: left shift count >= width of type [-Wshift-count-overflow]
 #define LARGE_OFF_T (((off_t) 1 << 62) - 1 + ((off_t) 1 << 62))
                                                         ^
conftest.c:27:23: note: in expansion of macro 'LARGE_OFF_T'
   int off_t_is_large[(LARGE_OFF_T % 2147483629 == 721
                       ^~~~~~~~~~~
conftest.c:26:33: warning: left shift count >= width of type [-Wshift-count-overflow]
 #define LARGE_OFF_T (((off_t) 1 << 62) - 1 + ((off_t) 1 << 62))
                                 ^
conftest.c:28:13: note: in expansion of macro 'LARGE_OFF_T'
          && LARGE_OFF_T % 2147483647 == 1)
             ^~~~~~~~~~~
conftest.c:26:57: warning: left shift count >= width of type [-Wshift-count-overflow]
 #define LARGE_OFF_T (((off_t) 1 << 62) - 1 + ((off_t) 1 << 62))
                                                         ^
conftest.c:28:13: note: in expansion of macro 'LARGE_OFF_T'
          && LARGE_OFF_T % 2147483647 == 1)
             ^~~~~~~~~~~
conftest.c:27:7: error: variably modified 'off_t_is_large' at file scope
   int off_t_is_large[(LARGE_OFF_T % 2147483629 == 721
       ^~~~~~~~~~~~~~
configure:4251: $? = 1
configure: failed program was:
| /* confdefs.h */
| #define PACKAGE_NAME "libaudclient"
| #define PACKAGE_TARNAME "libaudclient"
| #define PACKAGE_VERSION "3.5-rc2"
| #define PACKAGE_STRING "libaudclient 3.5-rc2"
| #define PACKAGE_BUGREPORT ""
| #define PACKAGE_URL ""
| #define PACKAGE "libaudclient"
| #define VERSION "3.5-rc2"
| #define STDC_HEADERS 1
| #define HAVE_SYS_TYPES_H 1
| #define HAVE_SYS_STAT_H 1
| #define HAVE_STDLIB_H 1
| #define HAVE_STRING_H 1
| #define HAVE_MEMORY_H 1
| #define HAVE_STRINGS_H 1
| #define HAVE_INTTYPES_H 1
| #define HAVE_STDINT_H 1
| #define HAVE_UNISTD_H 1
| /* end confdefs.h.  */
| #include <sys/types.h>
|  /* Check that off_t can represent 2**63 - 1 correctly.
|     We can't simply define LARGE_OFF_T to be 9223372036854775807,
|     since some C++ compilers masquerading as C compilers
|     incorrectly reject 9223372036854775807.  */
| #define LARGE_OFF_T (((off_t) 1 << 62) - 1 + ((off_t) 1 << 62))
|   int off_t_is_large[(LARGE_OFF_T % 2147483629 == 721
| 		       && LARGE_OFF_T % 2147483647 == 1)
| 		      ? 1 : -1];
| int
| main ()
| {
| 
|   ;
|   return 0;
| }
configure:4275: gcc -c -g -O2  conftest.c >&5
configure:4275: $? = 0
configure:4283: result: 64
configure:4422: checking for pkg-config
configure:4440: found /usr/bin/pkg-config
configure:4452: result: /usr/bin/pkg-config
configure:4477: checking pkg-config is at least version 0.9.0
configure:4480: result: yes
configure:4500: checking whether the C/C++ compiler supports -Wtype-limits
configure:4515: gcc -c -g -O2 -std=gnu99 -ffast-math -Wall -pipe -Wtype-limits -Werror  conftest.c >&5
configure:4515: $? = 0
configure:4517: result: yes
configure:4533: checking for Linux
configure:4537: result: yes
configure:4548: checking for GNU make
configure:4564: result: make
configure:4572: checking whether ln -s works
configure:4576: result: yes
configure:4583: checking whether make sets $(MAKE)
configure:4605: result: yes
configure:4616: checking for rm
configure:4634: found /bin/rm
configure:4646: result: /bin/rm
configure:4656: checking for mv
configure:4674: found /bin/mv
configure:4686: result: /bin/mv
configure:4696: checking for cp
configure:4714: found /bin/cp
configure:4726: result: /bin/cp
configure:4736: checking for ar
configure:4754: found /usr/bin/ar
configure:4766: result: /usr/bin/ar
configure:4776: checking for tr
configure:4794: found /usr/bin/tr
configure:4806: result: /usr/bin/tr
configure:4816: checking for ranlib
configure:4834: found /usr/bin/ranlib
configure:4846: result: /usr/bin/ranlib
configure:4858: checking for GLIB
configure:4865: $PKG_CONFIG --exists --print-errors "glib-2.0 >= 2.28"
configure:4868: $? = 0
configure:4882: $PKG_CONFIG --exists --print-errors "glib-2.0 >= 2.28"
configure:4885: $? = 0
configure:4965: result: yes
configure:4977: checking for tput
configure:4995: found /usr/bin/tput
configure:5007: result: /usr/bin/tput
configure:5089: checking for shared library system
configure:5153: result: GNU
configure:5198: checking for Microsoft Windows
configure:5207: result: no
configure:5231: checking for DBUS
configure:5238: $PKG_CONFIG --exists --print-errors "dbus-1 >= 0.60 dbus-glib-1 >= 0.60"
configure:5241: $? = 0
configure:5255: $PKG_CONFIG --exists --print-errors "dbus-1 >= 0.60 dbus-glib-1 >= 0.60"
configure:5258: $? = 0
configure:5316: result: yes
configure:5323: checking for dbus-binding-tool
configure:5341: found /usr/bin/dbus-binding-tool
configure:5354: result: /usr/bin/dbus-binding-tool
configure:5508: creating ./config.status

## ---------------------- ##
## Running config.status. ##
## ---------------------- ##

This file was extended by libaudclient config.status 3.5-rc2, which was
generated by GNU Autoconf 2.69.  Invocation command line was

  CONFIG_FILES    = 
  CONFIG_HEADERS  = 
  CONFIG_LINKS    = 
  CONFIG_COMMANDS = 
  $ ./config.status 

on raspiblaster

config.status:889: creating audclient.pc
config.status:992: WARNING:  'audclient.pc.in' seems to ignore the --datarootdir setting
config.status:889: creating buildsys.mk
config.status:889: creating extra.mk
config.status:889: creating config.h
config.status:1078: executing depfiles commands

## ---------------- ##
## Cache variables. ##
## ---------------- ##

_cv_gnu_make_command=make
ac_cv_build=armv7l-unknown-linux-gnueabihf
ac_cv_c_bigendian=no
ac_cv_c_compiler_gnu=yes
ac_cv_cxx_compiler_gnu=yes
ac_cv_env_CCASFLAGS_set=
ac_cv_env_CCASFLAGS_value=
ac_cv_env_CCAS_set=
ac_cv_env_CCAS_value=
ac_cv_env_CCC_set=
ac_cv_env_CCC_value=
ac_cv_env_CC_set=
ac_cv_env_CC_value=
ac_cv_env_CFLAGS_set=
ac_cv_env_CFLAGS_value=
ac_cv_env_CPPFLAGS_set=
ac_cv_env_CPPFLAGS_value=
ac_cv_env_CPP_set=
ac_cv_env_CPP_value=
ac_cv_env_CXXFLAGS_set=
ac_cv_env_CXXFLAGS_value=
ac_cv_env_CXX_set=
ac_cv_env_CXX_value=
ac_cv_env_DBUS_CFLAGS_set=
ac_cv_env_DBUS_CFLAGS_value=
ac_cv_env_DBUS_LIBS_set=
ac_cv_env_DBUS_LIBS_value=
ac_cv_env_GLIB_CFLAGS_set=
ac_cv_env_GLIB_CFLAGS_value=
ac_cv_env_GLIB_LIBS_set=
ac_cv_env_GLIB_LIBS_value=
ac_cv_env_LDFLAGS_set=
ac_cv_env_LDFLAGS_value=
ac_cv_env_LIBS_set=
ac_cv_env_LIBS_value=
ac_cv_env_PKG_CONFIG_LIBDIR_set=
ac_cv_env_PKG_CONFIG_LIBDIR_value=
ac_cv_env_PKG_CONFIG_PATH_set=
ac_cv_env_PKG_CONFIG_PATH_value=
ac_cv_env_PKG_CONFIG_set=
ac_cv_env_PKG_CONFIG_value=
ac_cv_env_build_alias_set=
ac_cv_env_build_alias_value=
ac_cv_env_host_alias_set=
ac_cv_env_host_alias_value=
ac_cv_env_target_alias_set=
ac_cv_env_target_alias_value=
ac_cv_header_inttypes_h=yes
ac_cv_header_memory_h=yes
ac_cv_header_stdc=yes
ac_cv_header_stdint_h=yes
ac_cv_header_stdlib_h=yes
ac_cv_header_string_h=yes
ac_cv_header_strings_h=yes
ac_cv_header_sys_stat_h=yes
ac_cv_header_sys_types_h=yes
ac_cv_header_unistd_h=yes
ac_cv_host=armv7l-unknown-linux-gnueabihf
ac_cv_objext=o
ac_cv_path_AR=/usr/bin/ar
ac_cv_path_CP=/bin/cp
ac_cv_path_DBUS_BINDING_TOOL=/usr/bin/dbus-binding-tool
ac_cv_path_EGREP='/bin/grep -E'
ac_cv_path_GREP=/bin/grep
ac_cv_path_MV=/bin/mv
ac_cv_path_RANLIB=/usr/bin/ranlib
ac_cv_path_RM=/bin/rm
ac_cv_path_TPUT=/usr/bin/tput
ac_cv_path_TR=/usr/bin/tr
ac_cv_path_ac_pt_PKG_CONFIG=/usr/bin/pkg-config
ac_cv_path_install='/usr/bin/install -c'
ac_cv_prog_CPP='gcc -E'
ac_cv_prog_ac_ct_CC=gcc
ac_cv_prog_ac_ct_CXX=g++
ac_cv_prog_cc_c89=
ac_cv_prog_cc_g=yes
ac_cv_prog_cxx_g=yes
ac_cv_prog_make_make_set=yes
ac_cv_sys_file_offset_bits=64
ac_cv_sys_largefile_CC=no
ac_cv_target=armv7l-unknown-linux-gnueabihf
am_cv_CCAS_dependencies_compiler_type=none
pkg_cv_DBUS_CFLAGS='-I/usr/include/dbus-1.0 -I/usr/lib/arm-linux-gnueabihf/dbus-1.0/include -I/usr/include/glib-2.0 -I/usr/lib/arm-linux-gnueabihf/glib-2.0/include'
pkg_cv_DBUS_LIBS='-ldbus-glib-1 -ldbus-1 -lgobject-2.0 -lglib-2.0'
pkg_cv_GLIB_CFLAGS='-I/usr/include/glib-2.0 -I/usr/lib/arm-linux-gnueabihf/glib-2.0/include'
pkg_cv_GLIB_LIBS=-lglib-2.0

## ----------------- ##
## Output variables. ##
## ----------------- ##

AMDEPBACKSLASH='\'
AMDEP_FALSE='#'
AMDEP_TRUE=''
AR='/usr/bin/ar'
CC='gcc'
CCAS='gcc'
CCASDEPMODE='depmode=none'
CCASFLAGS='-g -O2'
CFLAGS='-g -O2 -std=gnu99 -ffast-math -Wall -pipe -Wtype-limits -fvisibility=hidden'
CLEAN_LIB=''
CP='/bin/cp'
CPP='gcc -E'
CPPFLAGS=' -include config.h'
CXX='g++'
CXXFLAGS='-g -O2 -Wall -pipe -Wtype-limits -fvisibility=hidden'
DBUS_BINDING_TOOL='/usr/bin/dbus-binding-tool'
DBUS_CFLAGS='-I/usr/include/dbus-1.0 -I/usr/lib/arm-linux-gnueabihf/dbus-1.0/include -I/usr/include/glib-2.0 -I/usr/lib/arm-linux-gnueabihf/glib-2.0/include'
DBUS_LIBS='-ldbus-glib-1 -ldbus-1 -lgobject-2.0 -lglib-2.0'
DEFS='-DHAVE_CONFIG_H'
DEPDIR='.deps'
ECHO_C=''
ECHO_N='-n'
ECHO_T=''
EGREP='/bin/grep -E'
EXEEXT=''
GLIB_CFLAGS='-I/usr/include/glib-2.0 -I/usr/lib/arm-linux-gnueabihf/glib-2.0/include'
GLIB_LIBS='-lglib-2.0'
GREP='/bin/grep'
HAVE_MSWINDOWS='no'
INSTALL_DATA='${INSTALL} -m 644'
INSTALL_LIB='&& ${INSTALL} -m 755 $$i ${DESTDIR}${libdir}/$$i.${LIB_MAJOR}.${LIB_MINOR}.0 && ${LN_S} -f $$i.${LIB_MAJOR}.${LIB_MINOR}.0 ${DESTDIR}${libdir}/$$i.${LIB_MAJOR} && ${LN_S} -f $$i.${LIB_MAJOR}.${LIB_MINOR}.0 ${DESTDIR}${libdir}/$$i'
INSTALL_PROGRAM='${INSTALL}'
INSTALL_SCRIPT='${INSTALL}'
LDFLAGS=' -Wl,-z,defs'
LDFLAGS_RPATH='-Wl,-rpath,${libdir}'
LIBAUDCLIENT_LDFLAGS='-laudclient'
LIBOBJS=''
LIBS=''
LIB_CFLAGS='-fPIC -DPIC'
LIB_LDFLAGS='-shared -Wl,-soname=${SHARED_LIB}.${LIB_MAJOR}'
LIB_PREFIX='lib'
LIB_SUFFIX='.so'
LN_S='ln -s'
LTLIBOBJS=''
MAKE='make'
MV='/bin/mv'
OBJEXT='o'
PACKAGE='libaudclient'
PACKAGE_BUGREPORT=''
PACKAGE_NAME='libaudclient'
PACKAGE_STRING='libaudclient 3.5-rc2'
PACKAGE_TARNAME='libaudclient'
PACKAGE_URL=''
PACKAGE_VERSION='3.5-rc2'
PATH_SEPARATOR=':'
PKG_CONFIG='/usr/bin/pkg-config'
PKG_CONFIG_LIBDIR=''
PKG_CONFIG_PATH=''
PLUGIN_CFLAGS='-fPIC -DPIC'
PLUGIN_LDFLAGS='-shared'
PLUGIN_SUFFIX='.so'
RANLIB='/usr/bin/ranlib'
RM='/bin/rm'
SET_MAKE=''
SHELL='/bin/bash'
TERM_BOLD='[1m'
TERM_EL='[K'
TERM_SETAF1='[31m'
TERM_SETAF2='[32m'
TERM_SETAF3='[33m'
TERM_SETAF4='[34m'
TERM_SETAF6='[36m'
TERM_SGR0='(B[m'
TPUT='/usr/bin/tput'
TR='/usr/bin/tr'
UNINSTALL_LIB='&& rm -f ${DESTDIR}${libdir}/$$i ${DESTDIR}${libdir}/$$i.${LIB_MAJOR} ${DESTDIR}${libdir}/$$i.${LIB_MAJOR}.${LIB_MINOR}.0'
VERSION='3.5-rc2'
ac_ct_CC='gcc'
ac_ct_CXX='g++'
am__fastdepCCAS_FALSE=''
am__fastdepCCAS_TRUE='#'
am__include='include'
am__leading_dot='.'
am__nodep='_no'
am__quote=''
bindir='${exec_prefix}/bin'
build='armv7l-unknown-linux-gnueabihf'
build_alias=''
build_cpu='armv7l'
build_os='linux-gnueabihf'
build_vendor='unknown'
datadir='${datarootdir}'
datarootdir='${prefix}/share'
docdir='${datarootdir}/doc/${PACKAGE_TARNAME}'
dvidir='${docdir}'
exec_prefix='${prefix}'
host='armv7l-unknown-linux-gnueabihf'
host_alias=''
host_cpu='armv7l'
host_os='linux-gnueabihf'
host_vendor='unknown'
htmldir='${docdir}'
includedir='${prefix}/include'
infodir='${datarootdir}/info'
libdir='${exec_prefix}/lib'
libexecdir='${exec_prefix}/libexec'
localedir='${datarootdir}/locale'
localstatedir='${prefix}/var'
mandir='${datarootdir}/man'
oldincludedir='/usr/include'
pdfdir='${docdir}'
pkgconfigdir='${libdir}/pkgconfig'
prefix='/usr/local'
program_transform_name='s,x,x,'
psdir='${docdir}'
sbindir='${exec_prefix}/sbin'
sharedstatedir='${prefix}/com'
sysconfdir='${prefix}/etc'
target='armv7l-unknown-linux-gnueabihf'
target_alias=''
target_cpu='armv7l'
target_os='linux-gnueabihf'
target_vendor='unknown'

## ----------- ##
## confdefs.h. ##
## ----------- ##

/* confdefs.h */
#define PACKAGE_NAME "libaudclient"
#define PACKAGE_TARNAME "libaudclient"
#define PACKAGE_VERSION "3.5-rc2"
#define PACKAGE_STRING "libaudclient 3.5-rc2"
#define PACKAGE_BUGREPORT ""
#define PACKAGE_URL ""
#define PACKAGE "libaudclient"
#define VERSION "3.5-rc2"
#define STDC_HEADERS 1
#define HAVE_SYS_TYPES_H 1
#define HAVE_SYS_STAT_H 1
#define HAVE_STDLIB_H 1
#define HAVE_STRING_H 1
#define HAVE_MEMORY_H 1
#define HAVE_STRINGS_H 1
#define HAVE_INTTYPES_H 1
#define HAVE_STDINT_H 1
#define HAVE_UNISTD_H 1
#define _FILE_OFFSET_BITS 64
#define EXPORT __attribute__((visibility("default")))

configure: exit 0
