This file contains any messages produced by compilers while
running configure, to aid debugging if configure makes a mistake.

It was created by audacious-plugins configure 3.9, which was
generated by GNU Autoconf 2.69.  Invocation command line was

  $ ./configure 

## --------- ##
## Platform. ##
## --------- ##

hostname = raspiblaster
uname -m = armv7l
uname -r = 4.9.80-v7+
uname -s = Linux
uname -v = #1098 SMP Fri Mar 9 19:11:42 GMT 2018

/usr/bin/uname -p = unknown
/bin/uname -X     = unknown

/bin/arch              = unknown
/usr/bin/arch -k       = unknown
/usr/convex/getsysinfo = unknown
/usr/bin/hostinfo      = unknown
/bin/machine           = unknown
/usr/bin/oslevel       = unknown
/bin/universe          = unknown

PATH: /usr/local/sbin
PATH: /usr/local/bin
PATH: /usr/sbin
PATH: /usr/bin
PATH: /sbin
PATH: /bin
PATH: /usr/local/games
PATH: /usr/games


## ----------- ##
## Core tests. ##
## ----------- ##

configure:2757: checking build system type
configure:2771: result: armv7l-unknown-linux-gnueabihf
configure:2791: checking host system type
configure:2804: result: armv7l-unknown-linux-gnueabihf
configure:2824: checking target system type
configure:2837: result: armv7l-unknown-linux-gnueabihf
configure:2911: checking for gcc
configure:2927: found /usr/bin/gcc
configure:2938: result: gcc
configure:3167: checking for C compiler version
configure:3176: gcc --version >&5
gcc (Raspbian 6.3.0-18+rpi1+deb9u1) 6.3.0 20170516
Copyright (C) 2016 Free Software Foundation, Inc.
This is free software; see the source for copying conditions.  There is NO
warranty; not even for MERCHANTABILITY or FITNESS FOR A PARTICULAR PURPOSE.

configure:3187: $? = 0
configure:3176: gcc -v >&5
Using built-in specs.
COLLECT_GCC=gcc
COLLECT_LTO_WRAPPER=/usr/lib/gcc/arm-linux-gnueabihf/6/lto-wrapper
Target: arm-linux-gnueabihf
Configured with: ../src/configure -v --with-pkgversion='Raspbian 6.3.0-18+rpi1+deb9u1' --with-bugurl=file:///usr/share/doc/gcc-6/README.Bugs --enable-languages=c,ada,c++,java,go,d,fortran,objc,obj-c++ --prefix=/usr --program-suffix=-6 --program-prefix=arm-linux-gnueabihf- --enable-shared --enable-linker-build-id --libexecdir=/usr/lib --without-included-gettext --enable-threads=posix --libdir=/usr/lib --enable-nls --with-sysroot=/ --enable-clocale=gnu --enable-libstdcxx-debug --enable-libstdcxx-time=yes --with-default-libstdcxx-abi=new --enable-gnu-unique-object --disable-libitm --disable-libquadmath --enable-plugin --with-system-zlib --disable-browser-plugin --enable-java-awt=gtk --enable-gtk-cairo --with-java-home=/usr/lib/jvm/java-1.5.0-gcj-6-armhf/jre --enable-java-home --with-jvm-root-dir=/usr/lib/jvm/java-1.5.0-gcj-6-armhf --with-jvm-jar-dir=/usr/lib/jvm-exports/java-1.5.0-gcj-6-armhf --with-arch-directory=arm --with-ecj-jar=/usr/share/java/eclipse-ecj.jar --with-target-system-zlib --enable-objc-gc=auto --enable-multiarch --disable-sjlj-exceptions --with-arch=armv6 --with-fpu=vfp --with-float=hard --enable-checking=release --build=arm-linux-gnueabihf --host=arm-linux-gnueabihf --target=arm-linux-gnueabihf
Thread model: posix
gcc version 6.3.0 20170516 (Raspbian 6.3.0-18+rpi1+deb9u1) 
configure:3187: $? = 0
configure:3176: gcc -V >&5
gcc: error: unrecognized command line option '-V'
gcc: fatal error: no input files
compilation terminated.
configure:3187: $? = 1
configure:3176: gcc -qversion >&5
gcc: error: unrecognized command line option '-qversion'; did you mean '--version'?
gcc: fatal error: no input files
compilation terminated.
configure:3187: $? = 1
configure:3207: checking whether the C compiler works
configure:3229: gcc    conftest.c  >&5
configure:3233: $? = 0
configure:3281: result: yes
configure:3284: checking for C compiler default output file name
configure:3286: result: a.out
configure:3292: checking for suffix of executables
configure:3299: gcc -o conftest    conftest.c  >&5
configure:3303: $? = 0
configure:3325: result: 
configure:3347: checking whether we are cross compiling
configure:3355: gcc -o conftest    conftest.c  >&5
configure:3359: $? = 0
configure:3366: ./conftest
configure:3370: $? = 0
configure:3385: result: no
configure:3390: checking for suffix of object files
configure:3412: gcc -c   conftest.c >&5
configure:3416: $? = 0
configure:3437: result: o
configure:3441: checking whether we are using the GNU C compiler
configure:3460: gcc -c   conftest.c >&5
configure:3460: $? = 0
configure:3469: result: yes
configure:3478: checking whether gcc accepts -g
configure:3498: gcc -c -g  conftest.c >&5
configure:3498: $? = 0
configure:3539: result: yes
configure:3556: checking for gcc option to accept ISO C89
configure:3619: gcc  -c -g -O2  conftest.c >&5
configure:3619: $? = 0
configure:3632: result: none needed
configure:3710: checking for g++
configure:3726: found /usr/bin/g++
configure:3737: result: g++
configure:3764: checking for C++ compiler version
configure:3773: g++ --version >&5
g++ (Raspbian 6.3.0-18+rpi1+deb9u1) 6.3.0 20170516
Copyright (C) 2016 Free Software Foundation, Inc.
This is free software; see the source for copying conditions.  There is NO
warranty; not even for MERCHANTABILITY or FITNESS FOR A PARTICULAR PURPOSE.

configure:3784: $? = 0
configure:3773: g++ -v >&5
Using built-in specs.
COLLECT_GCC=g++
COLLECT_LTO_WRAPPER=/usr/lib/gcc/arm-linux-gnueabihf/6/lto-wrapper
Target: arm-linux-gnueabihf
Configured with: ../src/configure -v --with-pkgversion='Raspbian 6.3.0-18+rpi1+deb9u1' --with-bugurl=file:///usr/share/doc/gcc-6/README.Bugs --enable-languages=c,ada,c++,java,go,d,fortran,objc,obj-c++ --prefix=/usr --program-suffix=-6 --program-prefix=arm-linux-gnueabihf- --enable-shared --enable-linker-build-id --libexecdir=/usr/lib --without-included-gettext --enable-threads=posix --libdir=/usr/lib --enable-nls --with-sysroot=/ --enable-clocale=gnu --enable-libstdcxx-debug --enable-libstdcxx-time=yes --with-default-libstdcxx-abi=new --enable-gnu-unique-object --disable-libitm --disable-libquadmath --enable-plugin --with-system-zlib --disable-browser-plugin --enable-java-awt=gtk --enable-gtk-cairo --with-java-home=/usr/lib/jvm/java-1.5.0-gcj-6-armhf/jre --enable-java-home --with-jvm-root-dir=/usr/lib/jvm/java-1.5.0-gcj-6-armhf --with-jvm-jar-dir=/usr/lib/jvm-exports/java-1.5.0-gcj-6-armhf --with-arch-directory=arm --with-ecj-jar=/usr/share/java/eclipse-ecj.jar --with-target-system-zlib --enable-objc-gc=auto --enable-multiarch --disable-sjlj-exceptions --with-arch=armv6 --with-fpu=vfp --with-float=hard --enable-checking=release --build=arm-linux-gnueabihf --host=arm-linux-gnueabihf --target=arm-linux-gnueabihf
Thread model: posix
gcc version 6.3.0 20170516 (Raspbian 6.3.0-18+rpi1+deb9u1) 
configure:3784: $? = 0
configure:3773: g++ -V >&5
g++: error: unrecognized command line option '-V'
g++: fatal error: no input files
compilation terminated.
configure:3784: $? = 1
configure:3773: g++ -qversion >&5
g++: error: unrecognized command line option '-qversion'; did you mean '--version'?
g++: fatal error: no input files
compilation terminated.
configure:3784: $? = 1
configure:3788: checking whether we are using the GNU C++ compiler
configure:3807: g++ -c   conftest.cpp >&5
configure:3807: $? = 0
configure:3816: result: yes
configure:3825: checking whether g++ accepts -g
configure:3845: g++ -c -g  conftest.cpp >&5
configure:3845: $? = 0
configure:3886: result: yes
configure:3915: checking how to run the C preprocessor
configure:3946: gcc -E  conftest.c
configure:3946: $? = 0
configure:3960: gcc -E  conftest.c
conftest.c:11:28: fatal error: ac_nonexistent.h: No such file or directory
 #include <ac_nonexistent.h>
                            ^
compilation terminated.
configure:3960: $? = 1
configure: failed program was:
| /* confdefs.h */
| #define PACKAGE_NAME "audacious-plugins"
| #define PACKAGE_TARNAME "audacious-plugins"
| #define PACKAGE_VERSION "3.9"
| #define PACKAGE_STRING "audacious-plugins 3.9"
| #define PACKAGE_BUGREPORT ""
| #define PACKAGE_URL ""
| #define PACKAGE "audacious-plugins"
| #define VERSION "3.9"
| /* end confdefs.h.  */
| #include <ac_nonexistent.h>
configure:3985: result: gcc -E
configure:4005: gcc -E  conftest.c
configure:4005: $? = 0
configure:4019: gcc -E  conftest.c
conftest.c:11:28: fatal error: ac_nonexistent.h: No such file or directory
 #include <ac_nonexistent.h>
                            ^
compilation terminated.
configure:4019: $? = 1
configure: failed program was:
| /* confdefs.h */
| #define PACKAGE_NAME "audacious-plugins"
| #define PACKAGE_TARNAME "audacious-plugins"
| #define PACKAGE_VERSION "3.9"
| #define PACKAGE_STRING "audacious-plugins 3.9"
| #define PACKAGE_BUGREPORT ""
| #define PACKAGE_URL ""
| #define PACKAGE "audacious-plugins"
| #define VERSION "3.9"
| /* end confdefs.h.  */
| #include <ac_nonexistent.h>
configure:4048: checking for grep that handles long lines and -e
configure:4106: result: /bin/grep
configure:4111: checking for egrep
configure:4173: result: /bin/grep -E
configure:4178: checking for ANSI C header files
configure:4198: gcc -c -g -O2  conftest.c >&5
configure:4198: $? = 0
configure:4271: gcc -o conftest -g -O2   conftest.c  >&5
configure:4271: $? = 0
configure:4271: ./conftest
configure:4271: $? = 0
configure:4282: result: yes
configure:4295: checking for sys/types.h
configure:4295: gcc -c -g -O2  conftest.c >&5
configure:4295: $? = 0
configure:4295: result: yes
configure:4295: checking for sys/stat.h
configure:4295: gcc -c -g -O2  conftest.c >&5
configure:4295: $? = 0
configure:4295: result: yes
configure:4295: checking for stdlib.h
configure:4295: gcc -c -g -O2  conftest.c >&5
configure:4295: $? = 0
configure:4295: result: yes
configure:4295: checking for string.h
configure:4295: gcc -c -g -O2  conftest.c >&5
configure:4295: $? = 0
configure:4295: result: yes
configure:4295: checking for memory.h
configure:4295: gcc -c -g -O2  conftest.c >&5
configure:4295: $? = 0
configure:4295: result: yes
configure:4295: checking for strings.h
configure:4295: gcc -c -g -O2  conftest.c >&5
configure:4295: $? = 0
configure:4295: result: yes
configure:4295: checking for inttypes.h
configure:4295: gcc -c -g -O2  conftest.c >&5
configure:4295: $? = 0
configure:4295: result: yes
configure:4295: checking for stdint.h
configure:4295: gcc -c -g -O2  conftest.c >&5
configure:4295: $? = 0
configure:4295: result: yes
configure:4295: checking for unistd.h
configure:4295: gcc -c -g -O2  conftest.c >&5
configure:4295: $? = 0
configure:4295: result: yes
configure:4307: checking whether byte ordering is bigendian
configure:4322: gcc -c -g -O2  conftest.c >&5
conftest.c:22:9: error: unknown type name 'not'
         not a universal capable compiler
         ^~~
conftest.c:22:15: error: expected '=', ',', ';', 'asm' or '__attribute__' before 'universal'
         not a universal capable compiler
               ^~~~~~~~~
conftest.c:22:15: error: unknown type name 'universal'
configure:4322: $? = 1
configure: failed program was:
| /* confdefs.h */
| #define PACKAGE_NAME "audacious-plugins"
| #define PACKAGE_TARNAME "audacious-plugins"
| #define PACKAGE_VERSION "3.9"
| #define PACKAGE_STRING "audacious-plugins 3.9"
| #define PACKAGE_BUGREPORT ""
| #define PACKAGE_URL ""
| #define PACKAGE "audacious-plugins"
| #define VERSION "3.9"
| #define STDC_HEADERS 1
| #define HAVE_SYS_TYPES_H 1
| #define HAVE_SYS_STAT_H 1
| #define HAVE_STDLIB_H 1
| #define HAVE_STRING_H 1
| #define HAVE_MEMORY_H 1
| #define HAVE_STRINGS_H 1
| #define HAVE_INTTYPES_H 1
| #define HAVE_STDINT_H 1
| #define HAVE_UNISTD_H 1
| /* end confdefs.h.  */
| #ifndef __APPLE_CC__
| 	       not a universal capable compiler
| 	     #endif
| 	     typedef int dummy;
| 
configure:4367: gcc -c -g -O2  conftest.c >&5
configure:4367: $? = 0
configure:4385: gcc -c -g -O2  conftest.c >&5
conftest.c: In function 'main':
conftest.c:28:4: error: unknown type name 'not'
    not big endian
    ^~~
conftest.c:28:12: error: expected '=', ',', ';', 'asm' or '__attribute__' before 'endian'
    not big endian
            ^~~~~~
configure:4385: $? = 1
configure: failed program was:
| /* confdefs.h */
| #define PACKAGE_NAME "audacious-plugins"
| #define PACKAGE_TARNAME "audacious-plugins"
| #define PACKAGE_VERSION "3.9"
| #define PACKAGE_STRING "audacious-plugins 3.9"
| #define PACKAGE_BUGREPORT ""
| #define PACKAGE_URL ""
| #define PACKAGE "audacious-plugins"
| #define VERSION "3.9"
| #define STDC_HEADERS 1
| #define HAVE_SYS_TYPES_H 1
| #define HAVE_SYS_STAT_H 1
| #define HAVE_STDLIB_H 1
| #define HAVE_STRING_H 1
| #define HAVE_MEMORY_H 1
| #define HAVE_STRINGS_H 1
| #define HAVE_INTTYPES_H 1
| #define HAVE_STDINT_H 1
| #define HAVE_UNISTD_H 1
| /* end confdefs.h.  */
| #include <sys/types.h>
| 		#include <sys/param.h>
| 
| int
| main ()
| {
| #if BYTE_ORDER != BIG_ENDIAN
| 		 not big endian
| 		#endif
| 
|   ;
|   return 0;
| }
configure:4513: result: no
configure:4538: checking for special C compiler options needed for large files
configure:4583: result: no
configure:4589: checking for _FILE_OFFSET_BITS value needed for large files
configure:4614: gcc -c -g -O2  conftest.c >&5
conftest.c:26:33: warning: left shift count >= width of type [-Wshift-count-overflow]
 #define LARGE_OFF_T (((off_t) 1 << 62) - 1 + ((off_t) 1 << 62))
                                 ^
conftest.c:27:23: note: in expansion of macro 'LARGE_OFF_T'
   int off_t_is_large[(LARGE_OFF_T % 2147483629 == 721
                       ^~~~~~~~~~~
conftest.c:26:57: warning: left shift count >= width of type [-Wshift-count-overflow]
 #define LARGE_OFF_T (((off_t) 1 << 62) - 1 + ((off_t) 1 << 62))
                                                         ^
conftest.c:27:23: note: in expansion of macro 'LARGE_OFF_T'
   int off_t_is_large[(LARGE_OFF_T % 2147483629 == 721
                       ^~~~~~~~~~~
conftest.c:26:33: warning: left shift count >= width of type [-Wshift-count-overflow]
 #define LARGE_OFF_T (((off_t) 1 << 62) - 1 + ((off_t) 1 << 62))
                                 ^
conftest.c:28:13: note: in expansion of macro 'LARGE_OFF_T'
          && LARGE_OFF_T % 2147483647 == 1)
             ^~~~~~~~~~~
conftest.c:26:57: warning: left shift count >= width of type [-Wshift-count-overflow]
 #define LARGE_OFF_T (((off_t) 1 << 62) - 1 + ((off_t) 1 << 62))
                                                         ^
conftest.c:28:13: note: in expansion of macro 'LARGE_OFF_T'
          && LARGE_OFF_T % 2147483647 == 1)
             ^~~~~~~~~~~
conftest.c:27:7: error: variably modified 'off_t_is_large' at file scope
   int off_t_is_large[(LARGE_OFF_T % 2147483629 == 721
       ^~~~~~~~~~~~~~
configure:4614: $? = 1
configure: failed program was:
| /* confdefs.h */
| #define PACKAGE_NAME "audacious-plugins"
| #define PACKAGE_TARNAME "audacious-plugins"
| #define PACKAGE_VERSION "3.9"
| #define PACKAGE_STRING "audacious-plugins 3.9"
| #define PACKAGE_BUGREPORT ""
| #define PACKAGE_URL ""
| #define PACKAGE "audacious-plugins"
| #define VERSION "3.9"
| #define STDC_HEADERS 1
| #define HAVE_SYS_TYPES_H 1
| #define HAVE_SYS_STAT_H 1
| #define HAVE_STDLIB_H 1
| #define HAVE_STRING_H 1
| #define HAVE_MEMORY_H 1
| #define HAVE_STRINGS_H 1
| #define HAVE_INTTYPES_H 1
| #define HAVE_STDINT_H 1
| #define HAVE_UNISTD_H 1
| /* end confdefs.h.  */
| #include <sys/types.h>
|  /* Check that off_t can represent 2**63 - 1 correctly.
|     We can't simply define LARGE_OFF_T to be 9223372036854775807,
|     since some C++ compilers masquerading as C compilers
|     incorrectly reject 9223372036854775807.  */
| #define LARGE_OFF_T (((off_t) 1 << 62) - 1 + ((off_t) 1 << 62))
|   int off_t_is_large[(LARGE_OFF_T % 2147483629 == 721
| 		       && LARGE_OFF_T % 2147483647 == 1)
| 		      ? 1 : -1];
| int
| main ()
| {
| 
|   ;
|   return 0;
| }
configure:4638: gcc -c -g -O2  conftest.c >&5
configure:4638: $? = 0
configure:4646: result: 64
configure:4786: checking for pkg-config
configure:4804: found /usr/bin/pkg-config
configure:4816: result: /usr/bin/pkg-config
configure:4841: checking pkg-config is at least version 0.9.0
configure:4844: result: yes
configure:4858: checking operating system type
configure:4867: result: Linux
configure:4905: checking whether the C/C++ compiler supports -Wtype-limits
configure:4920: gcc -c -g -O2 -std=gnu99 -ffast-math -Wall -pipe -Wtype-limits -Werror  conftest.c >&5
configure:4920: $? = 0
configure:4922: result: yes
configure:4937: checking whether the C++ compiler supports -Woverloaded-virtual
configure:4958: g++ -c -g -O2 -std=gnu++11 -ffast-math -Wall -pipe -Wtype-limits -Woverloaded-virtual -Werror  conftest.cpp >&5
configure:4958: $? = 0
configure:4960: result: yes
configure:5766: checking whether byte ordering is bigendian
configure:5972: result: no
configure:6003: checking whether ln -s works
configure:6007: result: yes
configure:6016: checking for rm
configure:6034: found /bin/rm
configure:6046: result: /bin/rm
configure:6056: checking for mv
configure:6074: found /bin/mv
configure:6086: result: /bin/mv
configure:6096: checking for cp
configure:6114: found /bin/cp
configure:6126: result: /bin/cp
configure:6180: checking for ar
configure:6198: found /usr/bin/ar
configure:6210: result: /usr/bin/ar
configure:6278: checking for ranlib
configure:6296: found /usr/bin/ranlib
configure:6308: result: /usr/bin/ranlib
configure:6376: checking for windres
configure:6409: result: no
configure:6429: checking for library containing pthread_create
configure:6460: gcc -o conftest -g -O2 -std=gnu99 -ffast-math -Wall -pipe -Wtype-limits -fvisibility=hidden   -Wl,-z,defs conftest.c  >&5
/tmp/ccRqKwxr.o: In function `main':
/home/pi/audacious_src/audacious-plugins-3.9/conftest.c:34: undefined reference to `pthread_create'
collect2: error: ld returned 1 exit status
configure:6460: $? = 1
configure: failed program was:
| /* confdefs.h */
| #define PACKAGE_NAME "audacious-plugins"
| #define PACKAGE_TARNAME "audacious-plugins"
| #define PACKAGE_VERSION "3.9"
| #define PACKAGE_STRING "audacious-plugins 3.9"
| #define PACKAGE_BUGREPORT ""
| #define PACKAGE_URL ""
| #define PACKAGE "audacious-plugins"
| #define VERSION "3.9"
| #define STDC_HEADERS 1
| #define HAVE_SYS_TYPES_H 1
| #define HAVE_SYS_STAT_H 1
| #define HAVE_STDLIB_H 1
| #define HAVE_STRING_H 1
| #define HAVE_MEMORY_H 1
| #define HAVE_STRINGS_H 1
| #define HAVE_INTTYPES_H 1
| #define HAVE_STDINT_H 1
| #define HAVE_UNISTD_H 1
| #define _FILE_OFFSET_BITS 64
| #define EXPORT __attribute__((visibility("default")))
| /* end confdefs.h.  */
| 
| /* Override any GCC internal prototype to avoid an error.
|    Use char because int might match the return type of a GCC
|    builtin and then its argument prototype would still apply.  */
| #ifdef __cplusplus
| extern "C"
| #endif
| char pthread_create ();
| int
| main ()
| {
| return pthread_create ();
|   ;
|   return 0;
| }
configure:6460: gcc -o conftest -g -O2 -std=gnu99 -ffast-math -Wall -pipe -Wtype-limits -fvisibility=hidden   -Wl,-z,defs conftest.c -lpthread   >&5
configure:6460: $? = 0
configure:6477: result: -lpthread
configure:6489: checking for glib-2.0 >= 2.32
configure:6496: $PKG_CONFIG --exists --print-errors "glib-2.0 >= 2.32"
configure:6499: $? = 0
configure:6513: $PKG_CONFIG --exists --print-errors "glib-2.0 >= 2.32"
configure:6516: $? = 0
configure:6574: result: yes
configure:6580: checking for gmodule-2.0 >= 2.32
configure:6587: $PKG_CONFIG --exists --print-errors "gmodule-2.0 >= 2.32"
configure:6590: $? = 0
configure:6604: $PKG_CONFIG --exists --print-errors "gmodule-2.0 >= 2.32"
configure:6607: $? = 0
configure:6665: result: yes
configure:6682: checking for gtk+-2.0 >= 2.24
configure:6689: $PKG_CONFIG --exists --print-errors "gtk+-2.0 >= 2.24"
configure:6692: $? = 0
configure:6706: $PKG_CONFIG --exists --print-errors "gtk+-2.0 >= 2.24"
configure:6709: $? = 0
configure:6767: result: yes
configure:6873: checking for gio-2.0 >= 2.32 gio-unix-2.0 >= 2.32
configure:6880: $PKG_CONFIG --exists --print-errors "gio-2.0 >= 2.32 gio-unix-2.0 >= 2.32"
configure:6883: $? = 0
configure:6897: $PKG_CONFIG --exists --print-errors "gio-2.0 >= 2.32 gio-unix-2.0 >= 2.32"
configure:6900: $? = 0
configure:6958: result: yes
configure:7182: checking for shared library system
configure:7246: result: GNU
configure:7275: checking whether make sets $(MAKE)
configure:7297: result: yes
configure:7320: checking for a BSD-compatible install
configure:7388: result: /usr/bin/install -c
configure:7399: checking for a thread-safe mkdir -p
configure:7438: result: /bin/mkdir -p
configure:7441: checking for a sed that does not truncate output
configure:7505: result: /bin/sed
configure:7511: checking whether NLS is requested
configure:7520: result: yes
configure:7560: checking for msgfmt
configure: trying /usr/bin/msgfmt...
0 translated messages.
configure:7592: result: /usr/bin/msgfmt
configure:7601: checking for gmsgfmt
configure:7632: result: /usr/bin/msgfmt
configure:7682: checking for xgettext
configure: trying /usr/bin/xgettext...
/usr/bin/xgettext: warning: file '/dev/null' extension '' is unknown; will try C
configure:7714: result: /usr/bin/xgettext
configure:7759: checking for msgmerge
configure: trying /usr/bin/msgmerge...
configure:7790: result: /usr/bin/msgmerge
configure:7848: checking for ld used by gcc
configure:7915: result: /usr/bin/ld
configure:7922: checking if the linker (/usr/bin/ld) is GNU ld
configure:7937: result: yes
configure:7944: checking for shared library run path origin
configure:7957: result: done
configure:8529: checking for CFPreferencesCopyAppValue
configure:8547: gcc -o conftest -g -O2 -std=gnu99 -ffast-math -Wall -pipe -Wtype-limits -fvisibility=hidden   -Wl,-z,defs conftest.c -lpthread  -Wl,-framework -Wl,CoreFoundation >&5
conftest.c:24:42: fatal error: CoreFoundation/CFPreferences.h: No such file or directory
 #include <CoreFoundation/CFPreferences.h>
                                          ^
compilation terminated.
configure:8547: $? = 1
configure: failed program was:
| /* confdefs.h */
| #define PACKAGE_NAME "audacious-plugins"
| #define PACKAGE_TARNAME "audacious-plugins"
| #define PACKAGE_VERSION "3.9"
| #define PACKAGE_STRING "audacious-plugins 3.9"
| #define PACKAGE_BUGREPORT ""
| #define PACKAGE_URL ""
| #define PACKAGE "audacious-plugins"
| #define VERSION "3.9"
| #define STDC_HEADERS 1
| #define HAVE_SYS_TYPES_H 1
| #define HAVE_SYS_STAT_H 1
| #define HAVE_STDLIB_H 1
| #define HAVE_STRING_H 1
| #define HAVE_MEMORY_H 1
| #define HAVE_STRINGS_H 1
| #define HAVE_INTTYPES_H 1
| #define HAVE_STDINT_H 1
| #define HAVE_UNISTD_H 1
| #define _FILE_OFFSET_BITS 64
| #define EXPORT __attribute__((visibility("default")))
| #define USE_GTK 1
| /* end confdefs.h.  */
| #include <CoreFoundation/CFPreferences.h>
| int
| main ()
| {
| CFPreferencesCopyAppValue(NULL, NULL)
|   ;
|   return 0;
| }
configure:8556: result: no
configure:8563: checking for CFLocaleCopyCurrent
configure:8581: gcc -o conftest -g -O2 -std=gnu99 -ffast-math -Wall -pipe -Wtype-limits -fvisibility=hidden   -Wl,-z,defs conftest.c -lpthread  -Wl,-framework -Wl,CoreFoundation >&5
conftest.c:24:37: fatal error: CoreFoundation/CFLocale.h: No such file or directory
 #include <CoreFoundation/CFLocale.h>
                                     ^
compilation terminated.
configure:8581: $? = 1
configure: failed program was:
| /* confdefs.h */
| #define PACKAGE_NAME "audacious-plugins"
| #define PACKAGE_TARNAME "audacious-plugins"
| #define PACKAGE_VERSION "3.9"
| #define PACKAGE_STRING "audacious-plugins 3.9"
| #define PACKAGE_BUGREPORT ""
| #define PACKAGE_URL ""
| #define PACKAGE "audacious-plugins"
| #define VERSION "3.9"
| #define STDC_HEADERS 1
| #define HAVE_SYS_TYPES_H 1
| #define HAVE_SYS_STAT_H 1
| #define HAVE_STDLIB_H 1
| #define HAVE_STRING_H 1
| #define HAVE_MEMORY_H 1
| #define HAVE_STRINGS_H 1
| #define HAVE_INTTYPES_H 1
| #define HAVE_STDINT_H 1
| #define HAVE_UNISTD_H 1
| #define _FILE_OFFSET_BITS 64
| #define EXPORT __attribute__((visibility("default")))
| #define USE_GTK 1
| /* end confdefs.h.  */
| #include <CoreFoundation/CFLocale.h>
| int
| main ()
| {
| CFLocaleCopyCurrent();
|   ;
|   return 0;
| }
configure:8590: result: no
configure:8639: checking for GNU gettext in libc
configure:8668: gcc -o conftest -g -O2 -std=gnu99 -ffast-math -Wall -pipe -Wtype-limits -fvisibility=hidden   -Wl,-z,defs conftest.c -lpthread  >&5
configure:8668: $? = 0
configure:8677: result: yes
configure:9524: checking whether to use NLS
configure:9526: result: yes
configure:9529: checking where the gettext function comes from
configure:9540: result: libc
configure:9606: checking for audacious >= 3.9
configure:9613: $PKG_CONFIG --exists --print-errors "audacious >= 3.9"
configure:9616: $? = 0
configure:9630: $PKG_CONFIG --exists --print-errors "audacious >= 3.9"
configure:9633: $? = 0
configure:9673: result: yes
configure:9793: checking for libxml-2.0
configure:9800: $PKG_CONFIG --exists --print-errors "libxml-2.0"
configure:9803: $? = 0
configure:9817: $PKG_CONFIG --exists --print-errors "libxml-2.0"
configure:9820: $? = 0
configure:9878: result: yes
configure:9956: checking for libcdio >= 0.70 libcdio_cdda >= 0.70 libcddb >= 1.2.1
configure:9963: $PKG_CONFIG --exists --print-errors "libcdio >= 0.70 libcdio_cdda >= 0.70 libcddb >= 1.2.1"
configure:9966: $? = 0
configure:9980: $PKG_CONFIG --exists --print-errors "libcdio >= 0.70 libcdio_cdda >= 0.70 libcddb >= 1.2.1"
configure:9983: $? = 0
configure:10035: result: yes
configure:10063: checking for flac >= 1.2.1
configure:10070: $PKG_CONFIG --exists --print-errors "flac >= 1.2.1"
configure:10073: $? = 0
configure:10087: $PKG_CONFIG --exists --print-errors "flac >= 1.2.1"
configure:10090: $? = 0
configure:10142: result: yes
configure:10166: checking for ogg >= 1.0 vorbis >= 1.0 vorbisenc >= 1.0 vorbisfile >= 1.0
configure:10173: $PKG_CONFIG --exists --print-errors "ogg >= 1.0 vorbis >= 1.0 vorbisenc >= 1.0 vorbisfile >= 1.0"
configure:10176: $? = 0
configure:10190: $PKG_CONFIG --exists --print-errors "ogg >= 1.0 vorbis >= 1.0 vorbisenc >= 1.0 vorbisfile >= 1.0"
configure:10193: $? = 0
configure:10245: result: yes
configure:10269: checking for fluidsynth >= 1.0.6
configure:10276: $PKG_CONFIG --exists --print-errors "fluidsynth >= 1.0.6"
configure:10279: $? = 0
configure:10293: $PKG_CONFIG --exists --print-errors "fluidsynth >= 1.0.6"
configure:10296: $? = 0
configure:10348: result: yes
configure:10372: checking for libmpg123 >= 1.12
configure:10379: $PKG_CONFIG --exists --print-errors "libmpg123 >= 1.12"
configure:10382: $? = 0
configure:10396: $PKG_CONFIG --exists --print-errors "libmpg123 >= 1.12"
configure:10399: $? = 0
configure:10451: result: yes
configure:10462: checking neaacdec.h usability
configure:10462: gcc -c -g -O2 -std=gnu99 -ffast-math -Wall -pipe -Wtype-limits -fvisibility=hidden  -I/usr/local/include conftest.c >&5
configure:10462: $? = 0
configure:10462: result: yes
configure:10462: checking neaacdec.h presence
configure:10462: gcc -E  -I/usr/local/include conftest.c
configure:10462: $? = 0
configure:10462: result: yes
configure:10462: checking for neaacdec.h
configure:10462: result: yes
configure:10470: checking for NeAACDecInit2 in -lfaad
configure:10495: gcc -o conftest -g -O2 -std=gnu99 -ffast-math -Wall -pipe -Wtype-limits -fvisibility=hidden  -I/usr/local/include  -Wl,-z,defs conftest.c -lfaad  -lpthread   -L/usr/local/lib -laudcore >&5
configure:10495: $? = 0
configure:10504: result: yes
configure:10552: checking for wavpack >= 4.31
configure:10559: $PKG_CONFIG --exists --print-errors "wavpack >= 4.31"
configure:10562: $? = 0
configure:10576: $PKG_CONFIG --exists --print-errors "wavpack >= 4.31"
configure:10579: $? = 0
configure:10631: result: yes
configure:10655: checking for sndfile >= 0.19
configure:10662: $PKG_CONFIG --exists --print-errors "sndfile >= 0.19"
Package sndfile was not found in the pkg-config search path.
Perhaps you should add the directory containing `sndfile.pc'
to the PKG_CONFIG_PATH environment variable
No package 'sndfile' found
configure:10665: $? = 1
configure:10679: $PKG_CONFIG --exists --print-errors "sndfile >= 0.19"
Package sndfile was not found in the pkg-config search path.
Perhaps you should add the directory containing `sndfile.pc'
to the PKG_CONFIG_PATH environment variable
No package 'sndfile' found
configure:10682: $? = 1
configure:10696: result: no
No package 'sndfile' found
configure:10716: WARNING: libsndfile decoder disabled due to missing dependency: sndfile >= 0.19
configure:10758: checking for libmodplug
configure:10765: $PKG_CONFIG --exists --print-errors "libmodplug"
Package libmodplug was not found in the pkg-config search path.
Perhaps you should add the directory containing `libmodplug.pc'
to the PKG_CONFIG_PATH environment variable
No package 'libmodplug' found
configure:10768: $? = 1
configure:10782: $PKG_CONFIG --exists --print-errors "libmodplug"
Package libmodplug was not found in the pkg-config search path.
Perhaps you should add the directory containing `libmodplug.pc'
to the PKG_CONFIG_PATH environment variable
No package 'libmodplug' found
configure:10785: $? = 1
configure:10799: result: no
No package 'libmodplug' found
configure:10819: WARNING: ModPlug disabled due to missing dependency: libmodplug
configure:10861: checking for libsidplayfp >= 1.0
configure:10868: $PKG_CONFIG --exists --print-errors "libsidplayfp >= 1.0"
Package libsidplayfp was not found in the pkg-config search path.
Perhaps you should add the directory containing `libsidplayfp.pc'
to the PKG_CONFIG_PATH environment variable
No package 'libsidplayfp' found
configure:10871: $? = 1
configure:10885: $PKG_CONFIG --exists --print-errors "libsidplayfp >= 1.0"
Package libsidplayfp was not found in the pkg-config search path.
Perhaps you should add the directory containing `libsidplayfp.pc'
to the PKG_CONFIG_PATH environment variable
No package 'libsidplayfp' found
configure:10888: $? = 1
configure:10902: result: no
No package 'libsidplayfp' found
configure:10922: WARNING: Commodore 64 audio disabled due to missing dependency: libsidplayfp >= 1.0
configure:10953: checking zlib.h usability
configure:10953: gcc -c -g -O2 -std=gnu99 -ffast-math -Wall -pipe -Wtype-limits -fvisibility=hidden  -I/usr/local/include conftest.c >&5
configure:10953: $? = 0
configure:10953: result: yes
configure:10953: checking zlib.h presence
configure:10953: gcc -E  -I/usr/local/include conftest.c
configure:10953: $? = 0
configure:10953: result: yes
configure:10953: checking for zlib.h
configure:10953: result: yes
configure:11005: checking for libbs2b >= 3.0.0
configure:11012: $PKG_CONFIG --exists --print-errors "libbs2b >= 3.0.0"
Package libbs2b was not found in the pkg-config search path.
Perhaps you should add the directory containing `libbs2b.pc'
to the PKG_CONFIG_PATH environment variable
No package 'libbs2b' found
configure:11015: $? = 1
configure:11029: $PKG_CONFIG --exists --print-errors "libbs2b >= 3.0.0"
Package libbs2b was not found in the pkg-config search path.
Perhaps you should add the directory containing `libbs2b.pc'
to the PKG_CONFIG_PATH environment variable
No package 'libbs2b' found
configure:11032: $? = 1
configure:11046: result: no
No package 'libbs2b' found
configure:11066: WARNING: BS2B effect disabled due to missing dependency: libbs2b >= 3.0.0
configure:11108: checking for samplerate
configure:11115: $PKG_CONFIG --exists --print-errors "samplerate"
configure:11118: $? = 0
configure:11132: $PKG_CONFIG --exists --print-errors "samplerate"
configure:11135: $? = 0
configure:11187: result: yes
configure:11211: checking for samplerate
configure:11218: $PKG_CONFIG --exists --print-errors "samplerate"
configure:11221: $? = 0
configure:11290: result: yes
configure:11314: checking for soxr
configure:11321: $PKG_CONFIG --exists --print-errors "soxr"
Package soxr was not found in the pkg-config search path.
Perhaps you should add the directory containing `soxr.pc'
to the PKG_CONFIG_PATH environment variable
No package 'soxr' found
configure:11324: $? = 1
configure:11338: $PKG_CONFIG --exists --print-errors "soxr"
Package soxr was not found in the pkg-config search path.
Perhaps you should add the directory containing `soxr.pc'
to the PKG_CONFIG_PATH environment variable
No package 'soxr' found
configure:11341: $? = 1
configure:11355: result: no
No package 'soxr' found
configure:11375: WARNING: SoX resampler disabled due to missing dependency: soxr
configure:11417: checking for alsa >= 1.0.16
configure:11424: $PKG_CONFIG --exists --print-errors "alsa >= 1.0.16"
configure:11427: $? = 0
configure:11441: $PKG_CONFIG --exists --print-errors "alsa >= 1.0.16"
configure:11444: $? = 0
configure:11496: result: yes
configure:11509: checking for jack >= 1.9.7
configure:11516: $PKG_CONFIG --exists --print-errors "jack >= 1.9.7"
Package jack was not found in the pkg-config search path.
Perhaps you should add the directory containing `jack.pc'
to the PKG_CONFIG_PATH environment variable
No package 'jack' found
configure:11519: $? = 1
configure:11533: $PKG_CONFIG --exists --print-errors "jack >= 1.9.7"
Package jack was not found in the pkg-config search path.
Perhaps you should add the directory containing `jack.pc'
to the PKG_CONFIG_PATH environment variable
No package 'jack' found
configure:11536: $? = 1
configure:11550: result: no
No package 'jack' found
configure:11569: checking for jack >= 0.120.1 jack < 1.0
configure:11576: $PKG_CONFIG --exists --print-errors "jack >= 0.120.1 jack < 1.0"
Package jack was not found in the pkg-config search path.
Perhaps you should add the directory containing `jack.pc'
to the PKG_CONFIG_PATH environment variable
No package 'jack' found
Package jack was not found in the pkg-config search path.
Perhaps you should add the directory containing `jack.pc'
to the PKG_CONFIG_PATH environment variable
No package 'jack' found
configure:11579: $? = 1
configure:11593: $PKG_CONFIG --exists --print-errors "jack >= 0.120.1 jack < 1.0"
Package jack was not found in the pkg-config search path.
Perhaps you should add the directory containing `jack.pc'
to the PKG_CONFIG_PATH environment variable
No package 'jack' found
Package jack was not found in the pkg-config search path.
Perhaps you should add the directory containing `jack.pc'
to the PKG_CONFIG_PATH environment variable
No package 'jack' found
configure:11596: $? = 1
configure:11610: result: no
No package 'jack' found
No package 'jack' found
configure:11742: WARNING: JACK output disabled due to missing dependency
configure:11762: checking sys/soundcard.h usability
configure:11762: gcc -c -g -O2 -std=gnu99 -ffast-math -Wall -pipe -Wtype-limits -fvisibility=hidden  -I/usr/local/include  conftest.c >&5
configure:11762: $? = 0
configure:11762: result: yes
configure:11762: checking sys/soundcard.h presence
configure:11762: gcc -E  -I/usr/local/include  conftest.c
configure:11762: $? = 0
configure:11762: result: yes
configure:11762: checking for sys/soundcard.h
configure:11762: result: yes
configure:11816: checking for libpulse >= 0.9.5
configure:11823: $PKG_CONFIG --exists --print-errors "libpulse >= 0.9.5"
Package libpulse was not found in the pkg-config search path.
Perhaps you should add the directory containing `libpulse.pc'
to the PKG_CONFIG_PATH environment variable
No package 'libpulse' found
configure:11826: $? = 1
configure:11840: $PKG_CONFIG --exists --print-errors "libpulse >= 0.9.5"
Package libpulse was not found in the pkg-config search path.
Perhaps you should add the directory containing `libpulse.pc'
to the PKG_CONFIG_PATH environment variable
No package 'libpulse' found
configure:11843: $? = 1
configure:11857: result: no
No package 'libpulse' found
configure:11877: WARNING: PulseAudio output disabled due to missing dependency: libpulse >= 0.9.5
configure:11906: checking for sio_open in -lsndio
configure:11931: gcc -o conftest -g -O2 -std=gnu99 -ffast-math -Wall -pipe -Wtype-limits -fvisibility=hidden  -I/usr/local/include  -Wl,-z,defs conftest.c -lsndio  -lpthread   -L/usr/local/lib -laudcore >&5
/usr/bin/ld: cannot find -lsndio
collect2: error: ld returned 1 exit status
configure:11931: $? = 1
configure: failed program was:
| /* confdefs.h */
| #define PACKAGE_NAME "audacious-plugins"
| #define PACKAGE_TARNAME "audacious-plugins"
| #define PACKAGE_VERSION "3.9"
| #define PACKAGE_STRING "audacious-plugins 3.9"
| #define PACKAGE_BUGREPORT ""
| #define PACKAGE_URL ""
| #define PACKAGE "audacious-plugins"
| #define VERSION "3.9"
| #define STDC_HEADERS 1
| #define HAVE_SYS_TYPES_H 1
| #define HAVE_SYS_STAT_H 1
| #define HAVE_STDLIB_H 1
| #define HAVE_STRING_H 1
| #define HAVE_MEMORY_H 1
| #define HAVE_STRINGS_H 1
| #define HAVE_INTTYPES_H 1
| #define HAVE_STDINT_H 1
| #define HAVE_UNISTD_H 1
| #define _FILE_OFFSET_BITS 64
| #define EXPORT __attribute__((visibility("default")))
| #define USE_GTK 1
| #define ENABLE_NLS 1
| #define HAVE_GETTEXT 1
| #define HAVE_DCGETTEXT 1
| #define HAVE_ZLIB_H 1
| #define HAVE_SYS_SOUNDCARD_H 1
| /* end confdefs.h.  */
| 
| /* Override any GCC internal prototype to avoid an error.
|    Use char because int might match the return type of a GCC
|    builtin and then its argument prototype would still apply.  */
| #ifdef __cplusplus
| extern "C"
| #endif
| char sio_open ();
| int
| main ()
| {
| return sio_open ();
|   ;
|   return 0;
| }
configure:11940: result: no
configure:11968: WARNING: Sndio output disabled due to missing dependency
configure:11977: checking for libcue >= 2.0
configure:11984: $PKG_CONFIG --exists --print-errors "libcue >= 2.0"
Package libcue was not found in the pkg-config search path.
Perhaps you should add the directory containing `libcue.pc'
to the PKG_CONFIG_PATH environment variable
No package 'libcue' found
configure:11987: $? = 1
configure:12001: $PKG_CONFIG --exists --print-errors "libcue >= 2.0"
Package libcue was not found in the pkg-config search path.
Perhaps you should add the directory containing `libcue.pc'
to the PKG_CONFIG_PATH environment variable
No package 'libcue' found
configure:12004: $? = 1
configure:12018: result: no
No package 'libcue' found
configure:12037: checking for libcue
configure:12044: $PKG_CONFIG --exists --print-errors "libcue"
Package libcue was not found in the pkg-config search path.
Perhaps you should add the directory containing `libcue.pc'
to the PKG_CONFIG_PATH environment variable
No package 'libcue' found
configure:12047: $? = 1
configure:12061: $PKG_CONFIG --exists --print-errors "libcue"
Package libcue was not found in the pkg-config search path.
Perhaps you should add the directory containing `libcue.pc'
to the PKG_CONFIG_PATH environment variable
No package 'libcue' found
configure:12064: $? = 1
configure:12078: result: no
No package 'libcue' found
configure:12215: WARNING: cue sheet support disabled due to missing dependency
configure:12235: checking for neon >= 0.27
configure:12242: $PKG_CONFIG --exists --print-errors "neon >= 0.27"
configure:12245: $? = 0
configure:12259: $PKG_CONFIG --exists --print-errors "neon >= 0.27"
configure:12262: $? = 0
configure:12314: result: yes
configure:12338: checking for libmms >= 0.3
configure:12345: $PKG_CONFIG --exists --print-errors "libmms >= 0.3"
Package libmms was not found in the pkg-config search path.
Perhaps you should add the directory containing `libmms.pc'
to the PKG_CONFIG_PATH environment variable
No package 'libmms' found
configure:12348: $? = 1
configure:12362: $PKG_CONFIG --exists --print-errors "libmms >= 0.3"
Package libmms was not found in the pkg-config search path.
Perhaps you should add the directory containing `libmms.pc'
to the PKG_CONFIG_PATH environment variable
No package 'libmms' found
configure:12365: $? = 1
configure:12379: result: no
No package 'libmms' found
configure:12399: WARNING: MMS transport disabled due to missing dependency: libmms >= 0.3
configure:12441: checking for dbus-1 >= 0.60 dbus-glib-1 >= 0.60
configure:12448: $PKG_CONFIG --exists --print-errors "dbus-1 >= 0.60 dbus-glib-1 >= 0.60"
configure:12451: $? = 0
configure:12465: $PKG_CONFIG --exists --print-errors "dbus-1 >= 0.60 dbus-glib-1 >= 0.60"
configure:12468: $? = 0
configure:12520: result: yes
configure:12544: checking for libnotify >= 0.7 gdk-pixbuf-2.0 >= 2.26
configure:12551: $PKG_CONFIG --exists --print-errors "libnotify >= 0.7 gdk-pixbuf-2.0 >= 2.26"
Package libnotify was not found in the pkg-config search path.
Perhaps you should add the directory containing `libnotify.pc'
to the PKG_CONFIG_PATH environment variable
No package 'libnotify' found
configure:12554: $? = 1
configure:12568: $PKG_CONFIG --exists --print-errors "libnotify >= 0.7 gdk-pixbuf-2.0 >= 2.26"
Package libnotify was not found in the pkg-config search path.
Perhaps you should add the directory containing `libnotify.pc'
to the PKG_CONFIG_PATH environment variable
No package 'libnotify' found
configure:12571: $? = 1
configure:12585: result: no
No package 'libnotify' found
configure:12605: WARNING: libnotify OSD disabled due to missing dependency: libnotify >= 0.7 gdk-pixbuf-2.0 >= 2.26
configure:12636: checking lirc/lirc_client.h usability
configure:12636: gcc -c -g -O2 -std=gnu99 -ffast-math -Wall -pipe -Wtype-limits -fvisibility=hidden  -I/usr/local/include conftest.c >&5
conftest.c:62:30: fatal error: lirc/lirc_client.h: No such file or directory
 #include <lirc/lirc_client.h>
                              ^
compilation terminated.
configure:12636: $? = 1
configure: failed program was:
| /* confdefs.h */
| #define PACKAGE_NAME "audacious-plugins"
| #define PACKAGE_TARNAME "audacious-plugins"
| #define PACKAGE_VERSION "3.9"
| #define PACKAGE_STRING "audacious-plugins 3.9"
| #define PACKAGE_BUGREPORT ""
| #define PACKAGE_URL ""
| #define PACKAGE "audacious-plugins"
| #define VERSION "3.9"
| #define STDC_HEADERS 1
| #define HAVE_SYS_TYPES_H 1
| #define HAVE_SYS_STAT_H 1
| #define HAVE_STDLIB_H 1
| #define HAVE_STRING_H 1
| #define HAVE_MEMORY_H 1
| #define HAVE_STRINGS_H 1
| #define HAVE_INTTYPES_H 1
| #define HAVE_STDINT_H 1
| #define HAVE_UNISTD_H 1
| #define _FILE_OFFSET_BITS 64
| #define EXPORT __attribute__((visibility("default")))
| #define USE_GTK 1
| #define ENABLE_NLS 1
| #define HAVE_GETTEXT 1
| #define HAVE_DCGETTEXT 1
| #define HAVE_ZLIB_H 1
| #define HAVE_SYS_SOUNDCARD_H 1
| /* end confdefs.h.  */
| #include <stdio.h>
| #ifdef HAVE_SYS_TYPES_H
| # include <sys/types.h>
| #endif
| #ifdef HAVE_SYS_STAT_H
| # include <sys/stat.h>
| #endif
| #ifdef STDC_HEADERS
| # include <stdlib.h>
| # include <stddef.h>
| #else
| # ifdef HAVE_STDLIB_H
| #  include <stdlib.h>
| # endif
| #endif
| #ifdef HAVE_STRING_H
| # if !defined STDC_HEADERS && defined HAVE_MEMORY_H
| #  include <memory.h>
| # endif
| # include <string.h>
| #endif
| #ifdef HAVE_STRINGS_H
| # include <strings.h>
| #endif
| #ifdef HAVE_INTTYPES_H
| # include <inttypes.h>
| #endif
| #ifdef HAVE_STDINT_H
| # include <stdint.h>
| #endif
| #ifdef HAVE_UNISTD_H
| # include <unistd.h>
| #endif
| #include <lirc/lirc_client.h>
configure:12636: result: no
configure:12636: checking lirc/lirc_client.h presence
configure:12636: gcc -E  -I/usr/local/include conftest.c
conftest.c:29:30: fatal error: lirc/lirc_client.h: No such file or directory
 #include <lirc/lirc_client.h>
                              ^
compilation terminated.
configure:12636: $? = 1
configure: failed program was:
| /* confdefs.h */
| #define PACKAGE_NAME "audacious-plugins"
| #define PACKAGE_TARNAME "audacious-plugins"
| #define PACKAGE_VERSION "3.9"
| #define PACKAGE_STRING "audacious-plugins 3.9"
| #define PACKAGE_BUGREPORT ""
| #define PACKAGE_URL ""
| #define PACKAGE "audacious-plugins"
| #define VERSION "3.9"
| #define STDC_HEADERS 1
| #define HAVE_SYS_TYPES_H 1
| #define HAVE_SYS_STAT_H 1
| #define HAVE_STDLIB_H 1
| #define HAVE_STRING_H 1
| #define HAVE_MEMORY_H 1
| #define HAVE_STRINGS_H 1
| #define HAVE_INTTYPES_H 1
| #define HAVE_STDINT_H 1
| #define HAVE_UNISTD_H 1
| #define _FILE_OFFSET_BITS 64
| #define EXPORT __attribute__((visibility("default")))
| #define USE_GTK 1
| #define ENABLE_NLS 1
| #define HAVE_GETTEXT 1
| #define HAVE_DCGETTEXT 1
| #define HAVE_ZLIB_H 1
| #define HAVE_SYS_SOUNDCARD_H 1
| /* end confdefs.h.  */
| #include <lirc/lirc_client.h>
configure:12636: result: no
configure:12636: checking for lirc/lirc_client.h
configure:12636: result: no
configure:12668: WARNING: LIRC support disabled due to missing dependency
configure:12678: checking for gdbus-codegen
configure:12694: found /usr/bin/gdbus-codegen
configure:12706: result: yes
configure:12743: checking sys/wait.h usability
configure:12743: gcc -c -g -O2 -std=gnu99 -ffast-math -Wall -pipe -Wtype-limits -fvisibility=hidden  -I/usr/local/include conftest.c >&5
configure:12743: $? = 0
configure:12743: result: yes
configure:12743: checking sys/wait.h presence
configure:12743: gcc -E  -I/usr/local/include conftest.c
configure:12743: $? = 0
configure:12743: result: yes
configure:12743: checking for sys/wait.h
configure:12743: result: yes
configure:12796: checking for libcurl >= 7.9.7
configure:12803: $PKG_CONFIG --exists --print-errors "libcurl >= 7.9.7"
Package libcurl was not found in the pkg-config search path.
Perhaps you should add the directory containing `libcurl.pc'
to the PKG_CONFIG_PATH environment variable
No package 'libcurl' found
configure:12806: $? = 1
configure:12820: $PKG_CONFIG --exists --print-errors "libcurl >= 7.9.7"
Package libcurl was not found in the pkg-config search path.
Perhaps you should add the directory containing `libcurl.pc'
to the PKG_CONFIG_PATH environment variable
No package 'libcurl' found
configure:12823: $? = 1
configure:12837: result: no
No package 'libcurl' found
configure:12857: WARNING: Scrobbler 2 disabled due to missing dependency: libcurl >= 7.9.7
configure:12890: checking for glXCreateContext in -lGL
configure:12915: gcc -o conftest -g -O2 -std=gnu99 -ffast-math -Wall -pipe -Wtype-limits -fvisibility=hidden  -I/usr/local/include  -Wl,-z,defs conftest.c -lGL  -lpthread   -L/usr/local/lib -laudcore >&5
/usr/bin/ld: cannot find -lGL
collect2: error: ld returned 1 exit status
configure:12915: $? = 1
configure: failed program was:
| /* confdefs.h */
| #define PACKAGE_NAME "audacious-plugins"
| #define PACKAGE_TARNAME "audacious-plugins"
| #define PACKAGE_VERSION "3.9"
| #define PACKAGE_STRING "audacious-plugins 3.9"
| #define PACKAGE_BUGREPORT ""
| #define PACKAGE_URL ""
| #define PACKAGE "audacious-plugins"
| #define VERSION "3.9"
| #define STDC_HEADERS 1
| #define HAVE_SYS_TYPES_H 1
| #define HAVE_SYS_STAT_H 1
| #define HAVE_STDLIB_H 1
| #define HAVE_STRING_H 1
| #define HAVE_MEMORY_H 1
| #define HAVE_STRINGS_H 1
| #define HAVE_INTTYPES_H 1
| #define HAVE_STDINT_H 1
| #define HAVE_UNISTD_H 1
| #define _FILE_OFFSET_BITS 64
| #define EXPORT __attribute__((visibility("default")))
| #define USE_GTK 1
| #define ENABLE_NLS 1
| #define HAVE_GETTEXT 1
| #define HAVE_DCGETTEXT 1
| #define HAVE_ZLIB_H 1
| #define HAVE_SYS_SOUNDCARD_H 1
| #define HAVE_SYS_WAIT_H 1
| /* end confdefs.h.  */
| 
| /* Override any GCC internal prototype to avoid an error.
|    Use char because int might match the return type of a GCC
|    builtin and then its argument prototype would still apply.  */
| #ifdef __cplusplus
| extern "C"
| #endif
| char glXCreateContext ();
| int
| main ()
| {
| return glXCreateContext ();
|   ;
|   return 0;
| }
configure:12924: result: no
configure:12957: WARNING: OpenGL spectrum analyzer disabled due to missing dependency
configure:12977: checking for gdk-x11-2.0
configure:12984: $PKG_CONFIG --exists --print-errors "gdk-x11-2.0"
configure:12987: $? = 0
configure:13001: $PKG_CONFIG --exists --print-errors "gdk-x11-2.0"
configure:13004: $? = 0
configure:13056: result: yes
configure:13080: checking for xrender xcomposite
configure:13087: $PKG_CONFIG --exists --print-errors "xrender xcomposite"
configure:13090: $? = 0
configure:13104: $PKG_CONFIG --exists --print-errors "xrender xcomposite"
configure:13107: $? = 0
configure:13159: result: yes
configure:13563: checking for libavcodec >= 53.40.0 libavformat >= 53.25.0 libavutil >= 51.27.0
configure:13570: $PKG_CONFIG --exists --print-errors "libavcodec >= 53.40.0 libavformat >= 53.25.0 libavutil >= 51.27.0"
configure:13573: $? = 0
configure:13587: $PKG_CONFIG --exists --print-errors "libavcodec >= 53.40.0 libavformat >= 53.25.0 libavutil >= 51.27.0"
configure:13590: $? = 0
configure:13628: result: yes
configure:13870: checking for sdl2 >= 2.0
configure:13877: $PKG_CONFIG --exists --print-errors "sdl2 >= 2.0"
Package sdl2 was not found in the pkg-config search path.
Perhaps you should add the directory containing `sdl2.pc'
to the PKG_CONFIG_PATH environment variable
No package 'sdl2' found
configure:13880: $? = 1
configure:13894: $PKG_CONFIG --exists --print-errors "sdl2 >= 2.0"
Package sdl2 was not found in the pkg-config search path.
Perhaps you should add the directory containing `sdl2.pc'
to the PKG_CONFIG_PATH environment variable
No package 'sdl2' found
configure:13897: $? = 1
configure:13911: result: no
No package 'sdl2' found
configure:13930: checking for sdl >= 1.2.11
configure:13937: $PKG_CONFIG --exists --print-errors "sdl >= 1.2.11"
Package sdl was not found in the pkg-config search path.
Perhaps you should add the directory containing `sdl.pc'
to the PKG_CONFIG_PATH environment variable
No package 'sdl' found
configure:13940: $? = 1
configure:13954: $PKG_CONFIG --exists --print-errors "sdl >= 1.2.11"
Package sdl was not found in the pkg-config search path.
Perhaps you should add the directory containing `sdl.pc'
to the PKG_CONFIG_PATH environment variable
No package 'sdl' found
configure:13957: $? = 1
configure:13971: result: no
No package 'sdl' found
configure:14104: WARNING: SDL Output disabled due to missing dependency
configure:14140: checking for lame_get_id3v2_tag in -lmp3lame
configure:14166: gcc -o conftest -g -O2 -std=gnu99 -ffast-math -Wall -pipe -Wtype-limits -fvisibility=hidden  -I/usr/local/include  -Wl,-z,defs conftest.c -lmp3lame -lm
     -lpthread   -L/usr/local/lib -laudcore >&5
/usr/bin/ld: cannot find -lmp3lame
collect2: error: ld returned 1 exit status
configure:14166: $? = 1
configure: failed program was:
| /* confdefs.h */
| #define PACKAGE_NAME "audacious-plugins"
| #define PACKAGE_TARNAME "audacious-plugins"
| #define PACKAGE_VERSION "3.9"
| #define PACKAGE_STRING "audacious-plugins 3.9"
| #define PACKAGE_BUGREPORT ""
| #define PACKAGE_URL ""
| #define PACKAGE "audacious-plugins"
| #define VERSION "3.9"
| #define STDC_HEADERS 1
| #define HAVE_SYS_TYPES_H 1
| #define HAVE_SYS_STAT_H 1
| #define HAVE_STDLIB_H 1
| #define HAVE_STRING_H 1
| #define HAVE_MEMORY_H 1
| #define HAVE_STRINGS_H 1
| #define HAVE_INTTYPES_H 1
| #define HAVE_STDINT_H 1
| #define HAVE_UNISTD_H 1
| #define _FILE_OFFSET_BITS 64
| #define EXPORT __attribute__((visibility("default")))
| #define USE_GTK 1
| #define ENABLE_NLS 1
| #define HAVE_GETTEXT 1
| #define HAVE_DCGETTEXT 1
| #define HAVE_ZLIB_H 1
| #define HAVE_SYS_SOUNDCARD_H 1
| #define HAVE_SYS_WAIT_H 1
| #define HAVE_FFMPEG 1
| /* end confdefs.h.  */
| 
| /* Override any GCC internal prototype to avoid an error.
|    Use char because int might match the return type of a GCC
|    builtin and then its argument prototype would still apply.  */
| #ifdef __cplusplus
| extern "C"
| #endif
| char lame_get_id3v2_tag ();
| int
| main ()
| {
| return lame_get_id3v2_tag ();
|   ;
|   return 0;
| }
configure:14175: result: no
configure:14385: checking for tput
configure:14403: found /usr/bin/tput
configure:14415: result: /usr/bin/tput
configure:14501: creating ./config.status

## ---------------------- ##
## Running config.status. ##
## ---------------------- ##

This file was extended by audacious-plugins config.status 3.9, which was
generated by GNU Autoconf 2.69.  Invocation command line was

  CONFIG_FILES    = 
  CONFIG_HEADERS  = 
  CONFIG_LINKS    = 
  CONFIG_COMMANDS = 
  $ ./config.status 

on raspiblaster

config.status:1017: creating buildsys.mk
config.status:1017: creating extra.mk
config.status:1017: creating config.h
config.status:1198: config.h is unchanged
config.status:1212: executing po-directories commands

## ---------------- ##
## Cache variables. ##
## ---------------- ##

ac_cv_build=armv7l-unknown-linux-gnueabihf
ac_cv_c_bigendian=no
ac_cv_c_compiler_gnu=yes
ac_cv_cxx_compiler_gnu=yes
ac_cv_env_ALSA_CFLAGS_set=
ac_cv_env_ALSA_CFLAGS_value=
ac_cv_env_ALSA_LIBS_set=
ac_cv_env_ALSA_LIBS_value=
ac_cv_env_AMPACHE_CFLAGS_set=
ac_cv_env_AMPACHE_CFLAGS_value=
ac_cv_env_AMPACHE_LIBS_set=
ac_cv_env_AMPACHE_LIBS_value=
ac_cv_env_AUDACIOUS_CFLAGS_set=
ac_cv_env_AUDACIOUS_CFLAGS_value=
ac_cv_env_AUDACIOUS_LIBS_set=
ac_cv_env_AUDACIOUS_LIBS_value=
ac_cv_env_BS2B_CFLAGS_set=
ac_cv_env_BS2B_CFLAGS_value=
ac_cv_env_BS2B_LIBS_set=
ac_cv_env_BS2B_LIBS_value=
ac_cv_env_CCC_set=
ac_cv_env_CCC_value=
ac_cv_env_CC_set=
ac_cv_env_CC_value=
ac_cv_env_CDIO_CFLAGS_set=
ac_cv_env_CDIO_CFLAGS_value=
ac_cv_env_CDIO_LIBS_set=
ac_cv_env_CDIO_LIBS_value=
ac_cv_env_CFLAGS_set=
ac_cv_env_CFLAGS_value=
ac_cv_env_CPPFLAGS_set=
ac_cv_env_CPPFLAGS_value=
ac_cv_env_CPP_set=
ac_cv_env_CPP_value=
ac_cv_env_CUE_CFLAGS_set=
ac_cv_env_CUE_CFLAGS_value=
ac_cv_env_CUE_LIBS_set=
ac_cv_env_CUE_LIBS_value=
ac_cv_env_CURL_CFLAGS_set=
ac_cv_env_CURL_CFLAGS_value=
ac_cv_env_CURL_LIBS_set=
ac_cv_env_CURL_LIBS_value=
ac_cv_env_CXXFLAGS_set=
ac_cv_env_CXXFLAGS_value=
ac_cv_env_CXX_set=
ac_cv_env_CXX_value=
ac_cv_env_DBUS_CFLAGS_set=
ac_cv_env_DBUS_CFLAGS_value=
ac_cv_env_DBUS_LIBS_set=
ac_cv_env_DBUS_LIBS_value=
ac_cv_env_FFMPEG_CFLAGS_set=
ac_cv_env_FFMPEG_CFLAGS_value=
ac_cv_env_FFMPEG_LIBS_set=
ac_cv_env_FFMPEG_LIBS_value=
ac_cv_env_FLUIDSYNTH_CFLAGS_set=
ac_cv_env_FLUIDSYNTH_CFLAGS_value=
ac_cv_env_FLUIDSYNTH_LIBS_set=
ac_cv_env_FLUIDSYNTH_LIBS_value=
ac_cv_env_GDKX11_CFLAGS_set=
ac_cv_env_GDKX11_CFLAGS_value=
ac_cv_env_GDKX11_LIBS_set=
ac_cv_env_GDKX11_LIBS_value=
ac_cv_env_GIO_CFLAGS_set=
ac_cv_env_GIO_CFLAGS_value=
ac_cv_env_GIO_LIBS_set=
ac_cv_env_GIO_LIBS_value=
ac_cv_env_GLIB_CFLAGS_set=
ac_cv_env_GLIB_CFLAGS_value=
ac_cv_env_GLIB_LIBS_set=
ac_cv_env_GLIB_LIBS_value=
ac_cv_env_GMODULE_CFLAGS_set=
ac_cv_env_GMODULE_CFLAGS_value=
ac_cv_env_GMODULE_LIBS_set=
ac_cv_env_GMODULE_LIBS_value=
ac_cv_env_GTK_CFLAGS_set=
ac_cv_env_GTK_CFLAGS_value=
ac_cv_env_GTK_LIBS_set=
ac_cv_env_GTK_LIBS_value=
ac_cv_env_JACK_CFLAGS_set=
ac_cv_env_JACK_CFLAGS_value=
ac_cv_env_JACK_LIBS_set=
ac_cv_env_JACK_LIBS_value=
ac_cv_env_LDFLAGS_set=
ac_cv_env_LDFLAGS_value=
ac_cv_env_LIBFLAC_CFLAGS_set=
ac_cv_env_LIBFLAC_CFLAGS_value=
ac_cv_env_LIBFLAC_LIBS_set=
ac_cv_env_LIBFLAC_LIBS_value=
ac_cv_env_LIBS_set=
ac_cv_env_LIBS_value=
ac_cv_env_MMS_CFLAGS_set=
ac_cv_env_MMS_CFLAGS_value=
ac_cv_env_MMS_LIBS_set=
ac_cv_env_MMS_LIBS_value=
ac_cv_env_MODPLUG_CFLAGS_set=
ac_cv_env_MODPLUG_CFLAGS_value=
ac_cv_env_MODPLUG_LIBS_set=
ac_cv_env_MODPLUG_LIBS_value=
ac_cv_env_MPG123_CFLAGS_set=
ac_cv_env_MPG123_CFLAGS_value=
ac_cv_env_MPG123_LIBS_set=
ac_cv_env_MPG123_LIBS_value=
ac_cv_env_NEON_CFLAGS_set=
ac_cv_env_NEON_CFLAGS_value=
ac_cv_env_NEON_LIBS_set=
ac_cv_env_NEON_LIBS_value=
ac_cv_env_NOTIFY_CFLAGS_set=
ac_cv_env_NOTIFY_CFLAGS_value=
ac_cv_env_NOTIFY_LIBS_set=
ac_cv_env_NOTIFY_LIBS_value=
ac_cv_env_OBJCFLAGS_set=
ac_cv_env_OBJCFLAGS_value=
ac_cv_env_OBJCPP_set=
ac_cv_env_OBJCPP_value=
ac_cv_env_OBJCXXCPP_set=
ac_cv_env_OBJCXXCPP_value=
ac_cv_env_OBJCXXFLAGS_set=
ac_cv_env_OBJCXXFLAGS_value=
ac_cv_env_OBJCXX_set=
ac_cv_env_OBJCXX_value=
ac_cv_env_OBJC_set=
ac_cv_env_OBJC_value=
ac_cv_env_PKG_CONFIG_LIBDIR_set=
ac_cv_env_PKG_CONFIG_LIBDIR_value=
ac_cv_env_PKG_CONFIG_PATH_set=
ac_cv_env_PKG_CONFIG_PATH_value=
ac_cv_env_PKG_CONFIG_set=
ac_cv_env_PKG_CONFIG_value=
ac_cv_env_PULSE_CFLAGS_set=
ac_cv_env_PULSE_CFLAGS_value=
ac_cv_env_PULSE_LIBS_set=
ac_cv_env_PULSE_LIBS_value=
ac_cv_env_QTCORE_CFLAGS_set=
ac_cv_env_QTCORE_CFLAGS_value=
ac_cv_env_QTCORE_LIBS_set=
ac_cv_env_QTCORE_LIBS_value=
ac_cv_env_QTMULTIMEDIA_CFLAGS_set=
ac_cv_env_QTMULTIMEDIA_CFLAGS_value=
ac_cv_env_QTMULTIMEDIA_LIBS_set=
ac_cv_env_QTMULTIMEDIA_LIBS_value=
ac_cv_env_QTOPENGL_CFLAGS_set=
ac_cv_env_QTOPENGL_CFLAGS_value=
ac_cv_env_QTOPENGL_LIBS_set=
ac_cv_env_QTOPENGL_LIBS_value=
ac_cv_env_QT_CFLAGS_set=
ac_cv_env_QT_CFLAGS_value=
ac_cv_env_QT_LIBS_set=
ac_cv_env_QT_LIBS_value=
ac_cv_env_SAMPLERATE_CFLAGS_set=
ac_cv_env_SAMPLERATE_CFLAGS_value=
ac_cv_env_SAMPLERATE_LIBS_set=
ac_cv_env_SAMPLERATE_LIBS_value=
ac_cv_env_SDL_CFLAGS_set=
ac_cv_env_SDL_CFLAGS_value=
ac_cv_env_SDL_LIBS_set=
ac_cv_env_SDL_LIBS_value=
ac_cv_env_SIDPLAYFP_CFLAGS_set=
ac_cv_env_SIDPLAYFP_CFLAGS_value=
ac_cv_env_SIDPLAYFP_LIBS_set=
ac_cv_env_SIDPLAYFP_LIBS_value=
ac_cv_env_SNDFILE_CFLAGS_set=
ac_cv_env_SNDFILE_CFLAGS_value=
ac_cv_env_SNDFILE_LIBS_set=
ac_cv_env_SNDFILE_LIBS_value=
ac_cv_env_SOXR_CFLAGS_set=
ac_cv_env_SOXR_CFLAGS_value=
ac_cv_env_SOXR_LIBS_set=
ac_cv_env_SOXR_LIBS_value=
ac_cv_env_VORBIS_CFLAGS_set=
ac_cv_env_VORBIS_CFLAGS_value=
ac_cv_env_VORBIS_LIBS_set=
ac_cv_env_VORBIS_LIBS_value=
ac_cv_env_WAVPACK_CFLAGS_set=
ac_cv_env_WAVPACK_CFLAGS_value=
ac_cv_env_WAVPACK_LIBS_set=
ac_cv_env_WAVPACK_LIBS_value=
ac_cv_env_X11EXT_CFLAGS_set=
ac_cv_env_X11EXT_CFLAGS_value=
ac_cv_env_X11EXT_LIBS_set=
ac_cv_env_X11EXT_LIBS_value=
ac_cv_env_XML_CFLAGS_set=
ac_cv_env_XML_CFLAGS_value=
ac_cv_env_XML_LIBS_set=
ac_cv_env_XML_LIBS_value=
ac_cv_env_build_alias_set=
ac_cv_env_build_alias_value=
ac_cv_env_host_alias_set=
ac_cv_env_host_alias_value=
ac_cv_env_target_alias_set=
ac_cv_env_target_alias_value=
ac_cv_header_inttypes_h=yes
ac_cv_header_lirc_lirc_client_h=no
ac_cv_header_memory_h=yes
ac_cv_header_neaacdec_h=yes
ac_cv_header_stdc=yes
ac_cv_header_stdint_h=yes
ac_cv_header_stdlib_h=yes
ac_cv_header_string_h=yes
ac_cv_header_strings_h=yes
ac_cv_header_sys_soundcard_h=yes
ac_cv_header_sys_stat_h=yes
ac_cv_header_sys_types_h=yes
ac_cv_header_sys_wait_h=yes
ac_cv_header_unistd_h=yes
ac_cv_header_zlib_h=yes
ac_cv_host=armv7l-unknown-linux-gnueabihf
ac_cv_lib_GL_glXCreateContext=no
ac_cv_lib_faad_NeAACDecInit2=yes
ac_cv_lib_mp3lame_lame_get_id3v2_tag=no
ac_cv_lib_sndio_sio_open=no
ac_cv_objext=o
ac_cv_path_CP=/bin/cp
ac_cv_path_EGREP='/bin/grep -E'
ac_cv_path_GMSGFMT=/usr/bin/msgfmt
ac_cv_path_GREP=/bin/grep
ac_cv_path_MSGFMT=/usr/bin/msgfmt
ac_cv_path_MSGMERGE=/usr/bin/msgmerge
ac_cv_path_MV=/bin/mv
ac_cv_path_RM=/bin/rm
ac_cv_path_SED=/bin/sed
ac_cv_path_TPUT=/usr/bin/tput
ac_cv_path_XGETTEXT=/usr/bin/xgettext
ac_cv_path_ac_pt_AR=/usr/bin/ar
ac_cv_path_ac_pt_PKG_CONFIG=/usr/bin/pkg-config
ac_cv_path_ac_pt_RANLIB=/usr/bin/ranlib
ac_cv_path_install='/usr/bin/install -c'
ac_cv_path_mkdir=/bin/mkdir
ac_cv_prog_CPP='gcc -E'
ac_cv_prog_ac_ct_CC=gcc
ac_cv_prog_ac_ct_CXX=g++
ac_cv_prog_cc_c89=
ac_cv_prog_cc_g=yes
ac_cv_prog_cxx_g=yes
ac_cv_prog_have_mpris2=yes
ac_cv_prog_make_make_set=yes
ac_cv_search_pthread_create=-lpthread
ac_cv_sys_file_offset_bits=64
ac_cv_sys_largefile_CC=no
ac_cv_target=armv7l-unknown-linux-gnueabihf
acl_cv_hardcode_direct=no
acl_cv_hardcode_libdir_flag_spec='${wl}-rpath ${wl}$libdir'
acl_cv_hardcode_libdir_separator=
acl_cv_hardcode_minus_L=no
acl_cv_libext=a
acl_cv_libname_spec='lib$name'
acl_cv_library_names_spec='$libname$shrext'
acl_cv_path_LD=/usr/bin/ld
acl_cv_prog_gnu_ld=yes
acl_cv_rpath=done
acl_cv_shlibext=so
acl_cv_wl=-Wl,
gt_cv_func_CFLocaleCopyCurrent=no
gt_cv_func_CFPreferencesCopyAppValue=no
gt_cv_func_gnugettext1_libc=yes
pkg_cv_ALSA_CFLAGS=-I/usr/include/alsa
pkg_cv_ALSA_LIBS=-lasound
pkg_cv_AUDACIOUS_CFLAGS=-I/usr/local/include
pkg_cv_AUDACIOUS_LIBS='-L/usr/local/lib -laudcore'
pkg_cv_CDIO_CFLAGS=
pkg_cv_CDIO_LIBS='-lcdio -lm -lcdio_cdda -lcdio -lm -lcddb'
pkg_cv_DBUS_CFLAGS='-I/usr/include/dbus-1.0 -I/usr/lib/arm-linux-gnueabihf/dbus-1.0/include -I/usr/include/glib-2.0 -I/usr/lib/arm-linux-gnueabihf/glib-2.0/include'
pkg_cv_DBUS_LIBS='-ldbus-glib-1 -ldbus-1 -lgobject-2.0 -lglib-2.0'
pkg_cv_FFMPEG_CFLAGS=-I/usr/include/arm-linux-gnueabihf
pkg_cv_FFMPEG_LIBS='-lavcodec -lavformat -lavutil'
pkg_cv_FLUIDSYNTH_CFLAGS=
pkg_cv_FLUIDSYNTH_LIBS=-lfluidsynth
pkg_cv_GDKX11_CFLAGS='-pthread -I/usr/include/gtk-2.0 -I/usr/lib/arm-linux-gnueabihf/gtk-2.0/include -I/usr/include/gio-unix-2.0/ -I/usr/include/cairo -I/usr/include/pango-1.0 -I/usr/include/harfbuzz -I/usr/include/pango-1.0 -I/usr/include/cairo -I/usr/include/pixman-1 -I/usr/include/freetype2 -I/usr/include/libpng16 -I/usr/include/gdk-pixbuf-2.0 -I/usr/include/libpng16 -I/usr/include/glib-2.0 -I/usr/lib/arm-linux-gnueabihf/glib-2.0/include'
pkg_cv_GDKX11_LIBS='-lgdk-x11-2.0 -lpangocairo-1.0 -lpango-1.0 -lcairo -lgdk_pixbuf-2.0 -lgobject-2.0 -lglib-2.0'
pkg_cv_GIO_CFLAGS='-pthread -I/usr/include/gio-unix-2.0/ -I/usr/include/glib-2.0 -I/usr/lib/arm-linux-gnueabihf/glib-2.0/include'
pkg_cv_GIO_LIBS='-lgio-2.0 -lgobject-2.0 -lglib-2.0'
pkg_cv_GLIB_CFLAGS='-I/usr/include/glib-2.0 -I/usr/lib/arm-linux-gnueabihf/glib-2.0/include'
pkg_cv_GLIB_LIBS=-lglib-2.0
pkg_cv_GMODULE_CFLAGS='-pthread -I/usr/include/glib-2.0 -I/usr/lib/arm-linux-gnueabihf/glib-2.0/include'
pkg_cv_GMODULE_LIBS='-Wl,--export-dynamic -lgmodule-2.0 -pthread -lglib-2.0'
pkg_cv_GTK_CFLAGS='-pthread -I/usr/include/gtk-2.0 -I/usr/lib/arm-linux-gnueabihf/gtk-2.0/include -I/usr/include/gio-unix-2.0/ -I/usr/include/cairo -I/usr/include/pango-1.0 -I/usr/include/atk-1.0 -I/usr/include/cairo -I/usr/include/pixman-1 -I/usr/include/libpng16 -I/usr/include/gdk-pixbuf-2.0 -I/usr/include/libpng16 -I/usr/include/pango-1.0 -I/usr/include/harfbuzz -I/usr/include/pango-1.0 -I/usr/include/glib-2.0 -I/usr/lib/arm-linux-gnueabihf/glib-2.0/include -I/usr/include/freetype2'
pkg_cv_GTK_LIBS='-lgtk-x11-2.0 -lgdk-x11-2.0 -lpangocairo-1.0 -latk-1.0 -lcairo -lgdk_pixbuf-2.0 -lgio-2.0 -lpangoft2-1.0 -lpango-1.0 -lgobject-2.0 -lglib-2.0 -lfontconfig -lfreetype'
pkg_cv_LIBFLAC_CFLAGS=
pkg_cv_LIBFLAC_LIBS=-lFLAC
pkg_cv_MPG123_CFLAGS=
pkg_cv_MPG123_LIBS=-lmpg123
pkg_cv_NEON_CFLAGS='-D_LARGEFILE64_SOURCE -DNE_LFS -I/usr/include/neon'
pkg_cv_NEON_LIBS=-lneon
pkg_cv_SAMPLERATE_CFLAGS=
pkg_cv_SAMPLERATE_LIBS=-lsamplerate
pkg_cv_VORBIS_CFLAGS=
pkg_cv_VORBIS_LIBS='-logg -lvorbis -lvorbisenc -lvorbisfile'
pkg_cv_WAVPACK_CFLAGS=
pkg_cv_WAVPACK_LIBS=-lwavpack
pkg_cv_X11EXT_CFLAGS=
pkg_cv_X11EXT_LIBS='-lXrender -lX11 -lXcomposite'
pkg_cv_XML_CFLAGS=-I/usr/include/libxml2
pkg_cv_XML_LIBS=-lxml2

## ----------------- ##
## Output variables. ##
## ----------------- ##

ALSA_CFLAGS='-I/usr/include/alsa'
ALSA_LIBS='-lasound'
AMPACHE_CFLAGS=''
AMPACHE_LIBS=''
AR='/usr/bin/ar'
AUDACIOUS_CFLAGS='-I/usr/local/include'
AUDACIOUS_LIBS='-L/usr/local/lib -laudcore'
BIGENDIAN='0'
BS2B_CFLAGS=''
BS2B_LIBS=''
CC='gcc'
CC_DEPENDS='yes'
CDIO_CFLAGS=''
CDIO_LIBS='-lcdio -lm -lcdio_cdda -lcdio -lm -lcddb'
CFLAGS='-g -O2 -std=gnu99 -ffast-math -Wall -pipe -Wtype-limits -fvisibility=hidden'
CLEAN_LIB=''
CONTAINER_PLUGINS='asx asx3 audpl m3u pls xspf'
CONTAINER_PLUGIN_DIR='Container'
CP='/bin/cp'
CPP='gcc -E'
CPPFLAGS=' -I/usr/local/include -include config.h'
CUE_CFLAGS=''
CUE_LIBS=''
CURL_CFLAGS=''
CURL_LIBS=''
CXX='g++'
CXXFLAGS='-g -O2 -std=gnu++11 -ffast-math -Wall -pipe -Wtype-limits -Woverloaded-virtual -fvisibility=hidden'
CXX_DEPENDS='yes'
DBUS_CFLAGS='-I/usr/include/dbus-1.0 -I/usr/lib/arm-linux-gnueabihf/dbus-1.0/include -I/usr/include/glib-2.0 -I/usr/lib/arm-linux-gnueabihf/glib-2.0/include'
DBUS_LIBS='-ldbus-glib-1 -ldbus-1 -lgobject-2.0 -lglib-2.0'
DEFS='-DHAVE_CONFIG_H'
ECHO_C=''
ECHO_N='-n'
ECHO_T=''
EFFECT_PLUGINS='compressor crossfade crystalizer mixer silence-removal stereo_plugin voice_removal echo_plugin ladspa resample speedpitch'
EFFECT_PLUGIN_DIR='Effect'
EGREP='/bin/grep -E'
EXEEXT=''
FFMPEG_CFLAGS='-I/usr/include/arm-linux-gnueabihf'
FFMPEG_LIBS='-lavcodec -lavformat -lavutil'
FILEWRITER_CFLAGS='  '
FILEWRITER_LIBS=' -logg -lvorbis -lvorbisenc -lvorbisfile -lFLAC'
FLUIDSYNTH_CFLAGS=''
FLUIDSYNTH_LIBS='-lfluidsynth'
GDKX11_CFLAGS='-pthread -I/usr/include/gtk-2.0 -I/usr/lib/arm-linux-gnueabihf/gtk-2.0/include -I/usr/include/gio-unix-2.0/ -I/usr/include/cairo -I/usr/include/pango-1.0 -I/usr/include/harfbuzz -I/usr/include/pango-1.0 -I/usr/include/cairo -I/usr/include/pixman-1 -I/usr/include/freetype2 -I/usr/include/libpng16 -I/usr/include/gdk-pixbuf-2.0 -I/usr/include/libpng16 -I/usr/include/glib-2.0 -I/usr/lib/arm-linux-gnueabihf/glib-2.0/include'
GDKX11_LIBS='-lgdk-x11-2.0 -lpangocairo-1.0 -lpango-1.0 -lcairo -lgdk_pixbuf-2.0 -lgobject-2.0 -lglib-2.0'
GENERAL_PLUGINS=' alarm albumart lyricwiki playlist-manager search-tool statusicon gtkui skins delete-files skins-data cd-menu-items gnomeshortcuts mpris2 songchange hotkey aosd'
GENERAL_PLUGIN_DIR='General'
GETTEXT_MACRO_VERSION='0.19'
GIO_CFLAGS='-pthread -I/usr/include/gio-unix-2.0/ -I/usr/include/glib-2.0 -I/usr/lib/arm-linux-gnueabihf/glib-2.0/include'
GIO_LIBS='-lgio-2.0 -lgobject-2.0 -lglib-2.0'
GLIB_CFLAGS='-I/usr/include/glib-2.0 -I/usr/lib/arm-linux-gnueabihf/glib-2.0/include'
GLIB_LIBS='-lglib-2.0'
GL_LIBS=''
GMODULE_CFLAGS='-pthread -I/usr/include/glib-2.0 -I/usr/lib/arm-linux-gnueabihf/glib-2.0/include'
GMODULE_LIBS='-Wl,--export-dynamic -lgmodule-2.0 -pthread -lglib-2.0'
GMSGFMT='/usr/bin/msgfmt'
GMSGFMT_015='/usr/bin/msgfmt'
GREP='/bin/grep'
GTK_CFLAGS='-pthread -I/usr/include/gtk-2.0 -I/usr/lib/arm-linux-gnueabihf/gtk-2.0/include -I/usr/include/gio-unix-2.0/ -I/usr/include/cairo -I/usr/include/pango-1.0 -I/usr/include/atk-1.0 -I/usr/include/cairo -I/usr/include/pixman-1 -I/usr/include/libpng16 -I/usr/include/gdk-pixbuf-2.0 -I/usr/include/libpng16 -I/usr/include/pango-1.0 -I/usr/include/harfbuzz -I/usr/include/pango-1.0 -I/usr/include/glib-2.0 -I/usr/lib/arm-linux-gnueabihf/glib-2.0/include -I/usr/include/freetype2'
GTK_LIBS='-lgtk-x11-2.0 -lgdk-x11-2.0 -lpangocairo-1.0 -latk-1.0 -lcairo -lgdk_pixbuf-2.0 -lgio-2.0 -lpangoft2-1.0 -lpango-1.0 -lgobject-2.0 -lglib-2.0 -lfontconfig -lfreetype'
HAVE_DARWIN='no'
HAVE_LINUX='yes'
HAVE_MSWINDOWS='no'
INPUT_PLUGINS='adplug metronom psf tonegen vtx xsf cdaudio flac vorbis amidiplug mpg123 aac wavpack console ffaudio'
INPUT_PLUGIN_DIR='Input'
INSTALL_DATA='${INSTALL} -m 644'
INSTALL_LIB='&& ${INSTALL} -m 755 $$i ${DESTDIR}${libdir}/$$i.${LIB_MAJOR}.${LIB_MINOR}.0 && ${LN_S} -f $$i.${LIB_MAJOR}.${LIB_MINOR}.0 ${DESTDIR}${libdir}/$$i.${LIB_MAJOR} && ${LN_S} -f $$i.${LIB_MAJOR}.${LIB_MINOR}.0 ${DESTDIR}${libdir}/$$i'
INSTALL_PROGRAM='${INSTALL}'
INSTALL_SCRIPT='${INSTALL}'
INTLLIBS=''
INTL_MACOSX_LIBS=''
JACK_CFLAGS=''
JACK_LIBS=''
LDFLAGS=' -Wl,-z,defs'
LDFLAGS_RPATH='-Wl,-rpath,${libdir}'
LIBFLAC_CFLAGS=''
LIBFLAC_LIBS='-lFLAC'
LIBICONV='-liconv'
LIBINTL=''
LIBOBJS=''
LIBS='-lpthread   -L/usr/local/lib -laudcore'
LIB_CFLAGS='-fPIC -DPIC'
LIB_LDFLAGS='-shared -Wl,-soname=${SHARED_LIB}.${LIB_MAJOR}'
LIB_PREFIX='lib'
LIB_SUFFIX='.so'
LN_S='ln -s'
LTLIBICONV='-liconv'
LTLIBINTL=''
LTLIBOBJS=''
MKDIR_P='/bin/mkdir -p'
MMS_CFLAGS=''
MMS_LIBS=''
MODPLUG_CFLAGS=''
MODPLUG_LIBS=''
MPG123_CFLAGS=''
MPG123_LIBS='-lmpg123'
MSGFMT='/usr/bin/msgfmt'
MSGFMT_015='/usr/bin/msgfmt'
MSGMERGE='/usr/bin/msgmerge'
MV='/bin/mv'
NEON_CFLAGS='-D_LARGEFILE64_SOURCE -DNE_LFS -I/usr/include/neon'
NEON_LIBS='-lneon'
NOTIFY_CFLAGS=''
NOTIFY_LIBS=''
OBJC=''
OBJCFLAGS=''
OBJCPP=''
OBJCXX=''
OBJCXXCPP=''
OBJCXXFLAGS=''
OBJCXX_DEPENDS=''
OBJC_DEPENDS=''
OBJEXT='o'
OSS_CFLAGS=''
OUTPUT_PLUGINS=' alsa oss4 filewriter'
OUTPUT_PLUGIN_DIR='Output'
PACKAGE_BUGREPORT=''
PACKAGE_NAME='audacious-plugins'
PACKAGE_STRING='audacious-plugins 3.9'
PACKAGE_TARNAME='audacious-plugins'
PACKAGE_URL=''
PACKAGE_VERSION='3.9'
PATH_SEPARATOR=':'
PKG_CONFIG='/usr/bin/pkg-config'
PKG_CONFIG_LIBDIR=''
PKG_CONFIG_PATH=''
PLUGIN_CFLAGS='-fPIC -DPIC'
PLUGIN_LDFLAGS='-shared'
PLUGIN_SUFFIX='.so'
POSUB='po'
PULSE_CFLAGS=''
PULSE_LIBS=''
QTCORE_CFLAGS=''
QTCORE_LIBS=''
QTMULTIMEDIA_CFLAGS=''
QTMULTIMEDIA_LIBS=''
QTOPENGL_CFLAGS=''
QTOPENGL_LIBS=''
QT_CFLAGS=''
QT_LIBS=''
RANLIB='/usr/bin/ranlib'
RM='/bin/rm'
SAMPLERATE_CFLAGS=''
SAMPLERATE_LIBS='-lsamplerate'
SDL_CFLAGS=''
SDL_LIBS=''
SED='/bin/sed'
SET_MAKE=''
SHELL='/bin/bash'
SIDPLAYFP_CFLAGS=''
SIDPLAYFP_LIBS=''
SNDFILE_CFLAGS=''
SNDFILE_LIBS=''
SOXR_CFLAGS=''
SOXR_LIBS=''
TERM_BOLD='[1m'
TERM_EL='[K'
TERM_SETAF1='[31m'
TERM_SETAF2='[32m'
TERM_SETAF3='[33m'
TERM_SETAF4='[34m'
TERM_SETAF6='[36m'
TERM_SGR0='(B[m'
TPUT='/usr/bin/tput'
TRANSPORT_PLUGINS='gio neon'
TRANSPORT_PLUGIN_DIR='Transport'
UNINSTALL_LIB='&& rm -f ${DESTDIR}${libdir}/$$i ${DESTDIR}${libdir}/$$i.${LIB_MAJOR} ${DESTDIR}${libdir}/$$i.${LIB_MAJOR}.${LIB_MINOR}.0'
USE_GTK='yes'
USE_NLS='yes'
USE_QT='no'
VISUALIZATION_PLUGINS=' blur_scope cairo-spectrum'
VISUALIZATION_PLUGIN_DIR='Visualization'
VORBIS_CFLAGS=''
VORBIS_LIBS='-logg -lvorbis -lvorbisenc -lvorbisfile'
WAVPACK_CFLAGS=''
WAVPACK_LIBS='-lwavpack'
WINDRES=''
X11EXT_CFLAGS=''
X11EXT_LIBS='-lXrender -lX11 -lXcomposite'
XGETTEXT='/usr/bin/xgettext'
XGETTEXT_015='/usr/bin/xgettext'
XGETTEXT_EXTRA_OPTIONS=''
XML_CFLAGS='-I/usr/include/libxml2'
XML_LIBS='-lxml2'
ac_ct_CC='gcc'
ac_ct_CXX='g++'
ac_ct_OBJC=''
ac_ct_OBJCXX=''
bindir='${exec_prefix}/bin'
build='armv7l-unknown-linux-gnueabihf'
build_alias=''
build_cpu='armv7l'
build_os='linux-gnueabihf'
build_vendor='unknown'
datadir='${datarootdir}'
datarootdir='${prefix}/share'
docdir='${datarootdir}/doc/${PACKAGE_TARNAME}'
dvidir='${docdir}'
exec_prefix='${prefix}'
have_mpris2='yes'
host='armv7l-unknown-linux-gnueabihf'
host_alias=''
host_cpu='armv7l'
host_os='linux-gnueabihf'
host_vendor='unknown'
htmldir='${docdir}'
includedir='${prefix}/include'
infodir='${datarootdir}/info'
libdir='${exec_prefix}/lib'
libexecdir='${exec_prefix}/libexec'
localedir='${prefix}/share/locale'
localstatedir='${prefix}/var'
mandir='${datarootdir}/man'
oldincludedir='/usr/include'
pdfdir='${docdir}'
plugindir='/usr/local/lib/audacious'
prefix='/usr/local'
program_transform_name='s,x,x,'
psdir='${docdir}'
sbindir='${exec_prefix}/sbin'
sharedstatedir='${prefix}/com'
sysconfdir='${prefix}/etc'
target='armv7l-unknown-linux-gnueabihf'
target_alias=''
target_cpu='armv7l'
target_os='linux-gnueabihf'
target_vendor='unknown'

## ----------- ##
## confdefs.h. ##
## ----------- ##

/* confdefs.h */
#define PACKAGE_NAME "audacious-plugins"
#define PACKAGE_TARNAME "audacious-plugins"
#define PACKAGE_VERSION "3.9"
#define PACKAGE_STRING "audacious-plugins 3.9"
#define PACKAGE_BUGREPORT ""
#define PACKAGE_URL ""
#define PACKAGE "audacious-plugins"
#define VERSION "3.9"
#define STDC_HEADERS 1
#define HAVE_SYS_TYPES_H 1
#define HAVE_SYS_STAT_H 1
#define HAVE_STDLIB_H 1
#define HAVE_STRING_H 1
#define HAVE_MEMORY_H 1
#define HAVE_STRINGS_H 1
#define HAVE_INTTYPES_H 1
#define HAVE_STDINT_H 1
#define HAVE_UNISTD_H 1
#define _FILE_OFFSET_BITS 64
#define EXPORT __attribute__((visibility("default")))
#define USE_GTK 1
#define ENABLE_NLS 1
#define HAVE_GETTEXT 1
#define HAVE_DCGETTEXT 1
#define HAVE_ZLIB_H 1
#define HAVE_SYS_SOUNDCARD_H 1
#define HAVE_SYS_WAIT_H 1
#define HAVE_FFMPEG 1
#define FILEWRITER_VORBIS 1
#define FILEWRITER_FLAC 1

configure: exit 0
