This file contains any messages produced by compilers while
running configure, to aid debugging if configure makes a mistake.

It was created by audacious configure 3.9, which was
generated by GNU Autoconf 2.69.  Invocation command line was

  $ ./configure 

## --------- ##
## Platform. ##
## --------- ##

hostname = raspiblaster
uname -m = armv7l
uname -r = 4.9.80-v7+
uname -s = Linux
uname -v = #1098 SMP Fri Mar 9 19:11:42 GMT 2018

/usr/bin/uname -p = unknown
/bin/uname -X     = unknown

/bin/arch              = unknown
/usr/bin/arch -k       = unknown
/usr/convex/getsysinfo = unknown
/usr/bin/hostinfo      = unknown
/bin/machine           = unknown
/usr/bin/oslevel       = unknown
/bin/universe          = unknown

PATH: /usr/local/sbin
PATH: /usr/local/bin
PATH: /usr/sbin
PATH: /usr/bin
PATH: /sbin
PATH: /bin
PATH: /usr/local/games
PATH: /usr/games


## ----------- ##
## Core tests. ##
## ----------- ##

configure:2441: checking build system type
configure:2455: result: armv7l-unknown-linux-gnueabihf
configure:2475: checking host system type
configure:2488: result: armv7l-unknown-linux-gnueabihf
configure:2508: checking target system type
configure:2521: result: armv7l-unknown-linux-gnueabihf
configure:2595: checking for gcc
configure:2611: found /usr/bin/gcc
configure:2622: result: gcc
configure:2851: checking for C compiler version
configure:2860: gcc --version >&5
gcc (Raspbian 6.3.0-18+rpi1+deb9u1) 6.3.0 20170516
Copyright (C) 2016 Free Software Foundation, Inc.
This is free software; see the source for copying conditions.  There is NO
warranty; not even for MERCHANTABILITY or FITNESS FOR A PARTICULAR PURPOSE.

configure:2871: $? = 0
configure:2860: gcc -v >&5
Using built-in specs.
COLLECT_GCC=gcc
COLLECT_LTO_WRAPPER=/usr/lib/gcc/arm-linux-gnueabihf/6/lto-wrapper
Target: arm-linux-gnueabihf
Configured with: ../src/configure -v --with-pkgversion='Raspbian 6.3.0-18+rpi1+deb9u1' --with-bugurl=file:///usr/share/doc/gcc-6/README.Bugs --enable-languages=c,ada,c++,java,go,d,fortran,objc,obj-c++ --prefix=/usr --program-suffix=-6 --program-prefix=arm-linux-gnueabihf- --enable-shared --enable-linker-build-id --libexecdir=/usr/lib --without-included-gettext --enable-threads=posix --libdir=/usr/lib --enable-nls --with-sysroot=/ --enable-clocale=gnu --enable-libstdcxx-debug --enable-libstdcxx-time=yes --with-default-libstdcxx-abi=new --enable-gnu-unique-object --disable-libitm --disable-libquadmath --enable-plugin --with-system-zlib --disable-browser-plugin --enable-java-awt=gtk --enable-gtk-cairo --with-java-home=/usr/lib/jvm/java-1.5.0-gcj-6-armhf/jre --enable-java-home --with-jvm-root-dir=/usr/lib/jvm/java-1.5.0-gcj-6-armhf --with-jvm-jar-dir=/usr/lib/jvm-exports/java-1.5.0-gcj-6-armhf --with-arch-directory=arm --with-ecj-jar=/usr/share/java/eclipse-ecj.jar --with-target-system-zlib --enable-objc-gc=auto --enable-multiarch --disable-sjlj-exceptions --with-arch=armv6 --with-fpu=vfp --with-float=hard --enable-checking=release --build=arm-linux-gnueabihf --host=arm-linux-gnueabihf --target=arm-linux-gnueabihf
Thread model: posix
gcc version 6.3.0 20170516 (Raspbian 6.3.0-18+rpi1+deb9u1) 
configure:2871: $? = 0
configure:2860: gcc -V >&5
gcc: error: unrecognized command line option '-V'
gcc: fatal error: no input files
compilation terminated.
configure:2871: $? = 1
configure:2860: gcc -qversion >&5
gcc: error: unrecognized command line option '-qversion'; did you mean '--version'?
gcc: fatal error: no input files
compilation terminated.
configure:2871: $? = 1
configure:2891: checking whether the C compiler works
configure:2913: gcc    conftest.c  >&5
configure:2917: $? = 0
configure:2965: result: yes
configure:2968: checking for C compiler default output file name
configure:2970: result: a.out
configure:2976: checking for suffix of executables
configure:2983: gcc -o conftest    conftest.c  >&5
configure:2987: $? = 0
configure:3009: result: 
configure:3031: checking whether we are cross compiling
configure:3039: gcc -o conftest    conftest.c  >&5
configure:3043: $? = 0
configure:3050: ./conftest
configure:3054: $? = 0
configure:3069: result: no
configure:3074: checking for suffix of object files
configure:3096: gcc -c   conftest.c >&5
configure:3100: $? = 0
configure:3121: result: o
configure:3125: checking whether we are using the GNU C compiler
configure:3144: gcc -c   conftest.c >&5
configure:3144: $? = 0
configure:3153: result: yes
configure:3162: checking whether gcc accepts -g
configure:3182: gcc -c -g  conftest.c >&5
configure:3182: $? = 0
configure:3223: result: yes
configure:3240: checking for gcc option to accept ISO C89
configure:3303: gcc  -c -g -O2  conftest.c >&5
configure:3303: $? = 0
configure:3316: result: none needed
configure:3394: checking for g++
configure:3410: found /usr/bin/g++
configure:3421: result: g++
configure:3448: checking for C++ compiler version
configure:3457: g++ --version >&5
g++ (Raspbian 6.3.0-18+rpi1+deb9u1) 6.3.0 20170516
Copyright (C) 2016 Free Software Foundation, Inc.
This is free software; see the source for copying conditions.  There is NO
warranty; not even for MERCHANTABILITY or FITNESS FOR A PARTICULAR PURPOSE.

configure:3468: $? = 0
configure:3457: g++ -v >&5
Using built-in specs.
COLLECT_GCC=g++
COLLECT_LTO_WRAPPER=/usr/lib/gcc/arm-linux-gnueabihf/6/lto-wrapper
Target: arm-linux-gnueabihf
Configured with: ../src/configure -v --with-pkgversion='Raspbian 6.3.0-18+rpi1+deb9u1' --with-bugurl=file:///usr/share/doc/gcc-6/README.Bugs --enable-languages=c,ada,c++,java,go,d,fortran,objc,obj-c++ --prefix=/usr --program-suffix=-6 --program-prefix=arm-linux-gnueabihf- --enable-shared --enable-linker-build-id --libexecdir=/usr/lib --without-included-gettext --enable-threads=posix --libdir=/usr/lib --enable-nls --with-sysroot=/ --enable-clocale=gnu --enable-libstdcxx-debug --enable-libstdcxx-time=yes --with-default-libstdcxx-abi=new --enable-gnu-unique-object --disable-libitm --disable-libquadmath --enable-plugin --with-system-zlib --disable-browser-plugin --enable-java-awt=gtk --enable-gtk-cairo --with-java-home=/usr/lib/jvm/java-1.5.0-gcj-6-armhf/jre --enable-java-home --with-jvm-root-dir=/usr/lib/jvm/java-1.5.0-gcj-6-armhf --with-jvm-jar-dir=/usr/lib/jvm-exports/java-1.5.0-gcj-6-armhf --with-arch-directory=arm --with-ecj-jar=/usr/share/java/eclipse-ecj.jar --with-target-system-zlib --enable-objc-gc=auto --enable-multiarch --disable-sjlj-exceptions --with-arch=armv6 --with-fpu=vfp --with-float=hard --enable-checking=release --build=arm-linux-gnueabihf --host=arm-linux-gnueabihf --target=arm-linux-gnueabihf
Thread model: posix
gcc version 6.3.0 20170516 (Raspbian 6.3.0-18+rpi1+deb9u1) 
configure:3468: $? = 0
configure:3457: g++ -V >&5
g++: error: unrecognized command line option '-V'
g++: fatal error: no input files
compilation terminated.
configure:3468: $? = 1
configure:3457: g++ -qversion >&5
g++: error: unrecognized command line option '-qversion'; did you mean '--version'?
g++: fatal error: no input files
compilation terminated.
configure:3468: $? = 1
configure:3472: checking whether we are using the GNU C++ compiler
configure:3491: g++ -c   conftest.cpp >&5
configure:3491: $? = 0
configure:3500: result: yes
configure:3509: checking whether g++ accepts -g
configure:3529: g++ -c -g  conftest.cpp >&5
configure:3529: $? = 0
configure:3570: result: yes
configure:3599: checking how to run the C preprocessor
configure:3630: gcc -E  conftest.c
configure:3630: $? = 0
configure:3644: gcc -E  conftest.c
conftest.c:12:28: fatal error: ac_nonexistent.h: No such file or directory
 #include <ac_nonexistent.h>
                            ^
compilation terminated.
configure:3644: $? = 1
configure: failed program was:
| /* confdefs.h */
| #define PACKAGE_NAME "audacious"
| #define PACKAGE_TARNAME "audacious"
| #define PACKAGE_VERSION "3.9"
| #define PACKAGE_STRING "audacious 3.9"
| #define PACKAGE_BUGREPORT ""
| #define PACKAGE_URL ""
| #define PACKAGE "audacious"
| #define VERSION "3.9"
| #define COPYRIGHT "Copyright (C) 2001-2017 Audacious developers and others"
| /* end confdefs.h.  */
| #include <ac_nonexistent.h>
configure:3669: result: gcc -E
configure:3689: gcc -E  conftest.c
configure:3689: $? = 0
configure:3703: gcc -E  conftest.c
conftest.c:12:28: fatal error: ac_nonexistent.h: No such file or directory
 #include <ac_nonexistent.h>
                            ^
compilation terminated.
configure:3703: $? = 1
configure: failed program was:
| /* confdefs.h */
| #define PACKAGE_NAME "audacious"
| #define PACKAGE_TARNAME "audacious"
| #define PACKAGE_VERSION "3.9"
| #define PACKAGE_STRING "audacious 3.9"
| #define PACKAGE_BUGREPORT ""
| #define PACKAGE_URL ""
| #define PACKAGE "audacious"
| #define VERSION "3.9"
| #define COPYRIGHT "Copyright (C) 2001-2017 Audacious developers and others"
| /* end confdefs.h.  */
| #include <ac_nonexistent.h>
configure:3732: checking for grep that handles long lines and -e
configure:3790: result: /bin/grep
configure:3795: checking for egrep
configure:3857: result: /bin/grep -E
configure:3862: checking for ANSI C header files
configure:3882: gcc -c -g -O2  conftest.c >&5
configure:3882: $? = 0
configure:3955: gcc -o conftest -g -O2   conftest.c  >&5
configure:3955: $? = 0
configure:3955: ./conftest
configure:3955: $? = 0
configure:3966: result: yes
configure:3979: checking for sys/types.h
configure:3979: gcc -c -g -O2  conftest.c >&5
configure:3979: $? = 0
configure:3979: result: yes
configure:3979: checking for sys/stat.h
configure:3979: gcc -c -g -O2  conftest.c >&5
configure:3979: $? = 0
configure:3979: result: yes
configure:3979: checking for stdlib.h
configure:3979: gcc -c -g -O2  conftest.c >&5
configure:3979: $? = 0
configure:3979: result: yes
configure:3979: checking for string.h
configure:3979: gcc -c -g -O2  conftest.c >&5
configure:3979: $? = 0
configure:3979: result: yes
configure:3979: checking for memory.h
configure:3979: gcc -c -g -O2  conftest.c >&5
configure:3979: $? = 0
configure:3979: result: yes
configure:3979: checking for strings.h
configure:3979: gcc -c -g -O2  conftest.c >&5
configure:3979: $? = 0
configure:3979: result: yes
configure:3979: checking for inttypes.h
configure:3979: gcc -c -g -O2  conftest.c >&5
configure:3979: $? = 0
configure:3979: result: yes
configure:3979: checking for stdint.h
configure:3979: gcc -c -g -O2  conftest.c >&5
configure:3979: $? = 0
configure:3979: result: yes
configure:3979: checking for unistd.h
configure:3979: gcc -c -g -O2  conftest.c >&5
configure:3979: $? = 0
configure:3979: result: yes
configure:3991: checking whether byte ordering is bigendian
configure:4006: gcc -c -g -O2  conftest.c >&5
conftest.c:23:9: error: unknown type name 'not'
         not a universal capable compiler
         ^~~
conftest.c:23:15: error: expected '=', ',', ';', 'asm' or '__attribute__' before 'universal'
         not a universal capable compiler
               ^~~~~~~~~
conftest.c:23:15: error: unknown type name 'universal'
configure:4006: $? = 1
configure: failed program was:
| /* confdefs.h */
| #define PACKAGE_NAME "audacious"
| #define PACKAGE_TARNAME "audacious"
| #define PACKAGE_VERSION "3.9"
| #define PACKAGE_STRING "audacious 3.9"
| #define PACKAGE_BUGREPORT ""
| #define PACKAGE_URL ""
| #define PACKAGE "audacious"
| #define VERSION "3.9"
| #define COPYRIGHT "Copyright (C) 2001-2017 Audacious developers and others"
| #define STDC_HEADERS 1
| #define HAVE_SYS_TYPES_H 1
| #define HAVE_SYS_STAT_H 1
| #define HAVE_STDLIB_H 1
| #define HAVE_STRING_H 1
| #define HAVE_MEMORY_H 1
| #define HAVE_STRINGS_H 1
| #define HAVE_INTTYPES_H 1
| #define HAVE_STDINT_H 1
| #define HAVE_UNISTD_H 1
| /* end confdefs.h.  */
| #ifndef __APPLE_CC__
| 	       not a universal capable compiler
| 	     #endif
| 	     typedef int dummy;
| 
configure:4051: gcc -c -g -O2  conftest.c >&5
configure:4051: $? = 0
configure:4069: gcc -c -g -O2  conftest.c >&5
conftest.c: In function 'main':
conftest.c:29:4: error: unknown type name 'not'
    not big endian
    ^~~
conftest.c:29:12: error: expected '=', ',', ';', 'asm' or '__attribute__' before 'endian'
    not big endian
            ^~~~~~
configure:4069: $? = 1
configure: failed program was:
| /* confdefs.h */
| #define PACKAGE_NAME "audacious"
| #define PACKAGE_TARNAME "audacious"
| #define PACKAGE_VERSION "3.9"
| #define PACKAGE_STRING "audacious 3.9"
| #define PACKAGE_BUGREPORT ""
| #define PACKAGE_URL ""
| #define PACKAGE "audacious"
| #define VERSION "3.9"
| #define COPYRIGHT "Copyright (C) 2001-2017 Audacious developers and others"
| #define STDC_HEADERS 1
| #define HAVE_SYS_TYPES_H 1
| #define HAVE_SYS_STAT_H 1
| #define HAVE_STDLIB_H 1
| #define HAVE_STRING_H 1
| #define HAVE_MEMORY_H 1
| #define HAVE_STRINGS_H 1
| #define HAVE_INTTYPES_H 1
| #define HAVE_STDINT_H 1
| #define HAVE_UNISTD_H 1
| /* end confdefs.h.  */
| #include <sys/types.h>
| 		#include <sys/param.h>
| 
| int
| main ()
| {
| #if BYTE_ORDER != BIG_ENDIAN
| 		 not big endian
| 		#endif
| 
|   ;
|   return 0;
| }
configure:4197: result: no
configure:4222: checking for special C compiler options needed for large files
configure:4267: result: no
configure:4273: checking for _FILE_OFFSET_BITS value needed for large files
configure:4298: gcc -c -g -O2  conftest.c >&5
conftest.c:27:33: warning: left shift count >= width of type [-Wshift-count-overflow]
 #define LARGE_OFF_T (((off_t) 1 << 62) - 1 + ((off_t) 1 << 62))
                                 ^
conftest.c:28:23: note: in expansion of macro 'LARGE_OFF_T'
   int off_t_is_large[(LARGE_OFF_T % 2147483629 == 721
                       ^~~~~~~~~~~
conftest.c:27:57: warning: left shift count >= width of type [-Wshift-count-overflow]
 #define LARGE_OFF_T (((off_t) 1 << 62) - 1 + ((off_t) 1 << 62))
                                                         ^
conftest.c:28:23: note: in expansion of macro 'LARGE_OFF_T'
   int off_t_is_large[(LARGE_OFF_T % 2147483629 == 721
                       ^~~~~~~~~~~
conftest.c:27:33: warning: left shift count >= width of type [-Wshift-count-overflow]
 #define LARGE_OFF_T (((off_t) 1 << 62) - 1 + ((off_t) 1 << 62))
                                 ^
conftest.c:29:13: note: in expansion of macro 'LARGE_OFF_T'
          && LARGE_OFF_T % 2147483647 == 1)
             ^~~~~~~~~~~
conftest.c:27:57: warning: left shift count >= width of type [-Wshift-count-overflow]
 #define LARGE_OFF_T (((off_t) 1 << 62) - 1 + ((off_t) 1 << 62))
                                                         ^
conftest.c:29:13: note: in expansion of macro 'LARGE_OFF_T'
          && LARGE_OFF_T % 2147483647 == 1)
             ^~~~~~~~~~~
conftest.c:28:7: error: variably modified 'off_t_is_large' at file scope
   int off_t_is_large[(LARGE_OFF_T % 2147483629 == 721
       ^~~~~~~~~~~~~~
configure:4298: $? = 1
configure: failed program was:
| /* confdefs.h */
| #define PACKAGE_NAME "audacious"
| #define PACKAGE_TARNAME "audacious"
| #define PACKAGE_VERSION "3.9"
| #define PACKAGE_STRING "audacious 3.9"
| #define PACKAGE_BUGREPORT ""
| #define PACKAGE_URL ""
| #define PACKAGE "audacious"
| #define VERSION "3.9"
| #define COPYRIGHT "Copyright (C) 2001-2017 Audacious developers and others"
| #define STDC_HEADERS 1
| #define HAVE_SYS_TYPES_H 1
| #define HAVE_SYS_STAT_H 1
| #define HAVE_STDLIB_H 1
| #define HAVE_STRING_H 1
| #define HAVE_MEMORY_H 1
| #define HAVE_STRINGS_H 1
| #define HAVE_INTTYPES_H 1
| #define HAVE_STDINT_H 1
| #define HAVE_UNISTD_H 1
| /* end confdefs.h.  */
| #include <sys/types.h>
|  /* Check that off_t can represent 2**63 - 1 correctly.
|     We can't simply define LARGE_OFF_T to be 9223372036854775807,
|     since some C++ compilers masquerading as C compilers
|     incorrectly reject 9223372036854775807.  */
| #define LARGE_OFF_T (((off_t) 1 << 62) - 1 + ((off_t) 1 << 62))
|   int off_t_is_large[(LARGE_OFF_T % 2147483629 == 721
| 		       && LARGE_OFF_T % 2147483647 == 1)
| 		      ? 1 : -1];
| int
| main ()
| {
| 
|   ;
|   return 0;
| }
configure:4322: gcc -c -g -O2  conftest.c >&5
configure:4322: $? = 0
configure:4330: result: 64
configure:4470: checking for pkg-config
configure:4488: found /usr/bin/pkg-config
configure:4500: result: /usr/bin/pkg-config
configure:4525: checking pkg-config is at least version 0.9.0
configure:4528: result: yes
configure:4542: checking operating system type
configure:4551: result: Linux
configure:4589: checking whether the C/C++ compiler supports -Wtype-limits
configure:4604: gcc -c -g -O2 -std=gnu99 -ffast-math -Wall -pipe -Wtype-limits -Werror  conftest.c >&5
configure:4604: $? = 0
configure:4606: result: yes
configure:4621: checking whether the C++ compiler supports -Woverloaded-virtual
configure:4642: g++ -c -g -O2 -std=gnu++11 -ffast-math -Wall -pipe -Wtype-limits -Woverloaded-virtual -Werror  conftest.cpp >&5
configure:4642: $? = 0
configure:4644: result: yes
configure:5450: checking whether byte ordering is bigendian
configure:5656: result: no
configure:5687: checking whether ln -s works
configure:5691: result: yes
configure:5700: checking for rm
configure:5718: found /bin/rm
configure:5730: result: /bin/rm
configure:5740: checking for mv
configure:5758: found /bin/mv
configure:5770: result: /bin/mv
configure:5780: checking for cp
configure:5798: found /bin/cp
configure:5810: result: /bin/cp
configure:5864: checking for ar
configure:5882: found /usr/bin/ar
configure:5894: result: /usr/bin/ar
configure:5962: checking for ranlib
configure:5980: found /usr/bin/ranlib
configure:5992: result: /usr/bin/ranlib
configure:6060: checking for windres
configure:6093: result: no
configure:6113: checking for library containing pthread_create
configure:6144: gcc -o conftest -g -O2 -std=gnu99 -ffast-math -Wall -pipe -Wtype-limits -fvisibility=hidden   -Wl,-z,defs conftest.c  >&5
/tmp/ccbYMeO6.o: In function `main':
/home/pi/audacious_src/audacious-3.9/conftest.c:35: undefined reference to `pthread_create'
collect2: error: ld returned 1 exit status
configure:6144: $? = 1
configure: failed program was:
| /* confdefs.h */
| #define PACKAGE_NAME "audacious"
| #define PACKAGE_TARNAME "audacious"
| #define PACKAGE_VERSION "3.9"
| #define PACKAGE_STRING "audacious 3.9"
| #define PACKAGE_BUGREPORT ""
| #define PACKAGE_URL ""
| #define PACKAGE "audacious"
| #define VERSION "3.9"
| #define COPYRIGHT "Copyright (C) 2001-2017 Audacious developers and others"
| #define STDC_HEADERS 1
| #define HAVE_SYS_TYPES_H 1
| #define HAVE_SYS_STAT_H 1
| #define HAVE_STDLIB_H 1
| #define HAVE_STRING_H 1
| #define HAVE_MEMORY_H 1
| #define HAVE_STRINGS_H 1
| #define HAVE_INTTYPES_H 1
| #define HAVE_STDINT_H 1
| #define HAVE_UNISTD_H 1
| #define _FILE_OFFSET_BITS 64
| #define EXPORT __attribute__((visibility("default")))
| /* end confdefs.h.  */
| 
| /* Override any GCC internal prototype to avoid an error.
|    Use char because int might match the return type of a GCC
|    builtin and then its argument prototype would still apply.  */
| #ifdef __cplusplus
| extern "C"
| #endif
| char pthread_create ();
| int
| main ()
| {
| return pthread_create ();
|   ;
|   return 0;
| }
configure:6144: gcc -o conftest -g -O2 -std=gnu99 -ffast-math -Wall -pipe -Wtype-limits -fvisibility=hidden   -Wl,-z,defs conftest.c -lpthread   >&5
configure:6144: $? = 0
configure:6161: result: -lpthread
configure:6173: checking for glib-2.0 >= 2.32
configure:6180: $PKG_CONFIG --exists --print-errors "glib-2.0 >= 2.32"
configure:6183: $? = 0
configure:6197: $PKG_CONFIG --exists --print-errors "glib-2.0 >= 2.32"
configure:6200: $? = 0
configure:6258: result: yes
configure:6264: checking for gmodule-2.0 >= 2.32
configure:6271: $PKG_CONFIG --exists --print-errors "gmodule-2.0 >= 2.32"
configure:6274: $? = 0
configure:6288: $PKG_CONFIG --exists --print-errors "gmodule-2.0 >= 2.32"
configure:6291: $? = 0
configure:6349: result: yes
configure:6366: checking for gtk+-2.0 >= 2.24
configure:6373: $PKG_CONFIG --exists --print-errors "gtk+-2.0 >= 2.24"
configure:6376: $? = 0
configure:6390: $PKG_CONFIG --exists --print-errors "gtk+-2.0 >= 2.24"
configure:6393: $? = 0
configure:6451: result: yes
configure:6557: checking for gio-2.0 >= 2.32 gio-unix-2.0 >= 2.32
configure:6564: $PKG_CONFIG --exists --print-errors "gio-2.0 >= 2.32 gio-unix-2.0 >= 2.32"
configure:6567: $? = 0
configure:6581: $PKG_CONFIG --exists --print-errors "gio-2.0 >= 2.32 gio-unix-2.0 >= 2.32"
configure:6584: $? = 0
configure:6642: result: yes
configure:6866: checking for shared library system
configure:6930: result: GNU
configure:6983: checking for sigwait
configure:6983: gcc -o conftest -g -O2 -std=gnu99 -ffast-math -Wall -pipe -Wtype-limits -fvisibility=hidden   -Wl,-z,defs conftest.c -lpthread  >&5
configure:6983: $? = 0
configure:6983: result: yes
configure:7035: checking for ld used by gcc
configure:7102: result: /usr/bin/ld
configure:7109: checking if the linker (/usr/bin/ld) is GNU ld
configure:7124: result: yes
configure:7131: checking for shared library run path origin
configure:7144: result: done
configure:7722: checking for iconv
configure:7746: gcc -o conftest -g -O2 -std=gnu99 -ffast-math -Wall -pipe -Wtype-limits -fvisibility=hidden   -Wl,-z,defs conftest.c -lpthread  >&5
configure:7746: $? = 0
configure:7780: result: yes
configure:7783: checking for working iconv
configure:7912: gcc -o conftest -g -O2 -std=gnu99 -ffast-math -Wall -pipe -Wtype-limits -fvisibility=hidden   -Wl,-z,defs conftest.c -lpthread  >&5
configure:7912: $? = 0
configure:7912: ./conftest
configure:7912: $? = 0
configure:7924: result: yes
configure:7952: checking for iconv declaration
configure:7981: gcc -c -g -O2 -std=gnu99 -ffast-math -Wall -pipe -Wtype-limits -fvisibility=hidden  conftest.c >&5
configure:7981: $? = 0
configure:7992: result:
         extern size_t iconv (iconv_t cd, char * *inbuf, size_t *inbytesleft, char * *outbuf, size_t *outbytesleft);
configure:8005: checking whether make sets $(MAKE)
configure:8027: result: yes
configure:8050: checking for a BSD-compatible install
configure:8118: result: /usr/bin/install -c
configure:8129: checking for a thread-safe mkdir -p
configure:8168: result: /bin/mkdir -p
configure:8171: checking for a sed that does not truncate output
configure:8235: result: /bin/sed
configure:8241: checking whether NLS is requested
configure:8250: result: yes
configure:8290: checking for msgfmt
configure: trying /usr/bin/msgfmt...
0 translated messages.
configure:8322: result: /usr/bin/msgfmt
configure:8331: checking for gmsgfmt
configure:8362: result: /usr/bin/msgfmt
configure:8412: checking for xgettext
configure: trying /usr/bin/xgettext...
/usr/bin/xgettext: warning: file '/dev/null' extension '' is unknown; will try C
configure:8444: result: /usr/bin/xgettext
configure:8489: checking for msgmerge
configure: trying /usr/bin/msgmerge...
configure:8520: result: /usr/bin/msgmerge
configure:8561: checking for CFPreferencesCopyAppValue
configure:8579: gcc -o conftest -g -O2 -std=gnu99 -ffast-math -Wall -pipe -Wtype-limits -fvisibility=hidden   -Wl,-z,defs conftest.c -lpthread   -Wl,-framework -Wl,CoreFoundation >&5
conftest.c:29:42: fatal error: CoreFoundation/CFPreferences.h: No such file or directory
 #include <CoreFoundation/CFPreferences.h>
                                          ^
compilation terminated.
configure:8579: $? = 1
configure: failed program was:
| /* confdefs.h */
| #define PACKAGE_NAME "audacious"
| #define PACKAGE_TARNAME "audacious"
| #define PACKAGE_VERSION "3.9"
| #define PACKAGE_STRING "audacious 3.9"
| #define PACKAGE_BUGREPORT ""
| #define PACKAGE_URL ""
| #define PACKAGE "audacious"
| #define VERSION "3.9"
| #define COPYRIGHT "Copyright (C) 2001-2017 Audacious developers and others"
| #define STDC_HEADERS 1
| #define HAVE_SYS_TYPES_H 1
| #define HAVE_SYS_STAT_H 1
| #define HAVE_STDLIB_H 1
| #define HAVE_STRING_H 1
| #define HAVE_MEMORY_H 1
| #define HAVE_STRINGS_H 1
| #define HAVE_INTTYPES_H 1
| #define HAVE_STDINT_H 1
| #define HAVE_UNISTD_H 1
| #define _FILE_OFFSET_BITS 64
| #define EXPORT __attribute__((visibility("default")))
| #define USE_GTK 1
| #define PLUGIN_SUFFIX ".so"
| #define HAVE_SIGWAIT 1
| #define HAVE_ICONV 1
| #define ICONV_CONST 
| /* end confdefs.h.  */
| #include <CoreFoundation/CFPreferences.h>
| int
| main ()
| {
| CFPreferencesCopyAppValue(NULL, NULL)
|   ;
|   return 0;
| }
configure:8588: result: no
configure:8595: checking for CFLocaleCopyCurrent
configure:8613: gcc -o conftest -g -O2 -std=gnu99 -ffast-math -Wall -pipe -Wtype-limits -fvisibility=hidden   -Wl,-z,defs conftest.c -lpthread   -Wl,-framework -Wl,CoreFoundation >&5
conftest.c:29:37: fatal error: CoreFoundation/CFLocale.h: No such file or directory
 #include <CoreFoundation/CFLocale.h>
                                     ^
compilation terminated.
configure:8613: $? = 1
configure: failed program was:
| /* confdefs.h */
| #define PACKAGE_NAME "audacious"
| #define PACKAGE_TARNAME "audacious"
| #define PACKAGE_VERSION "3.9"
| #define PACKAGE_STRING "audacious 3.9"
| #define PACKAGE_BUGREPORT ""
| #define PACKAGE_URL ""
| #define PACKAGE "audacious"
| #define VERSION "3.9"
| #define COPYRIGHT "Copyright (C) 2001-2017 Audacious developers and others"
| #define STDC_HEADERS 1
| #define HAVE_SYS_TYPES_H 1
| #define HAVE_SYS_STAT_H 1
| #define HAVE_STDLIB_H 1
| #define HAVE_STRING_H 1
| #define HAVE_MEMORY_H 1
| #define HAVE_STRINGS_H 1
| #define HAVE_INTTYPES_H 1
| #define HAVE_STDINT_H 1
| #define HAVE_UNISTD_H 1
| #define _FILE_OFFSET_BITS 64
| #define EXPORT __attribute__((visibility("default")))
| #define USE_GTK 1
| #define PLUGIN_SUFFIX ".so"
| #define HAVE_SIGWAIT 1
| #define HAVE_ICONV 1
| #define ICONV_CONST 
| /* end confdefs.h.  */
| #include <CoreFoundation/CFLocale.h>
| int
| main ()
| {
| CFLocaleCopyCurrent();
|   ;
|   return 0;
| }
configure:8622: result: no
configure:8671: checking for GNU gettext in libc
configure:8700: gcc -o conftest -g -O2 -std=gnu99 -ffast-math -Wall -pipe -Wtype-limits -fvisibility=hidden   -Wl,-z,defs conftest.c -lpthread   >&5
configure:8700: $? = 0
configure:8709: result: yes
configure:9556: checking whether to use NLS
configure:9558: result: yes
configure:9561: checking where the gettext function comes from
configure:9572: result: libc
configure:9663: checking for gdbus-codegen
configure:9679: found /usr/bin/gdbus-codegen
configure:9691: result: yes
configure:9864: checking for tput
configure:9882: found /usr/bin/tput
configure:9894: result: /usr/bin/tput
configure:9980: creating ./config.status

## ---------------------- ##
## Running config.status. ##
## ---------------------- ##

This file was extended by audacious config.status 3.9, which was
generated by GNU Autoconf 2.69.  Invocation command line was

  CONFIG_FILES    = 
  CONFIG_HEADERS  = 
  CONFIG_LINKS    = 
  CONFIG_COMMANDS = 
  $ ./config.status 

on raspiblaster

config.status:949: creating audacious.pc
config.status:1057: WARNING:  'audacious.pc.in' seems to ignore the --datarootdir setting
config.status:949: creating buildsys.mk
config.status:949: creating extra.mk
config.status:949: creating man/audtool.1
config.status:949: creating man/audacious.1
config.status:949: creating src/libaudcore/audio.h
config.status:949: creating src/libaudcore/tinylock.h
config.status:949: creating win32/audacious.nsi
config.status:949: creating win32/override/README.txt
config.status:949: creating config.h
config.status:1130: config.h is unchanged
config.status:1144: executing po-directories commands

## ---------------- ##
## Cache variables. ##
## ---------------- ##

ac_cv_build=armv7l-unknown-linux-gnueabihf
ac_cv_c_bigendian=no
ac_cv_c_compiler_gnu=yes
ac_cv_cxx_compiler_gnu=yes
ac_cv_env_CCC_set=
ac_cv_env_CCC_value=
ac_cv_env_CC_set=
ac_cv_env_CC_value=
ac_cv_env_CFLAGS_set=
ac_cv_env_CFLAGS_value=
ac_cv_env_CPPFLAGS_set=
ac_cv_env_CPPFLAGS_value=
ac_cv_env_CPP_set=
ac_cv_env_CPP_value=
ac_cv_env_CXXFLAGS_set=
ac_cv_env_CXXFLAGS_value=
ac_cv_env_CXX_set=
ac_cv_env_CXX_value=
ac_cv_env_GIO_CFLAGS_set=
ac_cv_env_GIO_CFLAGS_value=
ac_cv_env_GIO_LIBS_set=
ac_cv_env_GIO_LIBS_value=
ac_cv_env_GLIB_CFLAGS_set=
ac_cv_env_GLIB_CFLAGS_value=
ac_cv_env_GLIB_LIBS_set=
ac_cv_env_GLIB_LIBS_value=
ac_cv_env_GMODULE_CFLAGS_set=
ac_cv_env_GMODULE_CFLAGS_value=
ac_cv_env_GMODULE_LIBS_set=
ac_cv_env_GMODULE_LIBS_value=
ac_cv_env_GTK_CFLAGS_set=
ac_cv_env_GTK_CFLAGS_value=
ac_cv_env_GTK_LIBS_set=
ac_cv_env_GTK_LIBS_value=
ac_cv_env_LDFLAGS_set=
ac_cv_env_LDFLAGS_value=
ac_cv_env_LIBS_set=
ac_cv_env_LIBS_value=
ac_cv_env_OBJCFLAGS_set=
ac_cv_env_OBJCFLAGS_value=
ac_cv_env_OBJCPP_set=
ac_cv_env_OBJCPP_value=
ac_cv_env_OBJCXXCPP_set=
ac_cv_env_OBJCXXCPP_value=
ac_cv_env_OBJCXXFLAGS_set=
ac_cv_env_OBJCXXFLAGS_value=
ac_cv_env_OBJCXX_set=
ac_cv_env_OBJCXX_value=
ac_cv_env_OBJC_set=
ac_cv_env_OBJC_value=
ac_cv_env_PKG_CONFIG_LIBDIR_set=
ac_cv_env_PKG_CONFIG_LIBDIR_value=
ac_cv_env_PKG_CONFIG_PATH_set=
ac_cv_env_PKG_CONFIG_PATH_value=
ac_cv_env_PKG_CONFIG_set=
ac_cv_env_PKG_CONFIG_value=
ac_cv_env_QTCORE_CFLAGS_set=
ac_cv_env_QTCORE_CFLAGS_value=
ac_cv_env_QTCORE_LIBS_set=
ac_cv_env_QTCORE_LIBS_value=
ac_cv_env_QT_CFLAGS_set=
ac_cv_env_QT_CFLAGS_value=
ac_cv_env_QT_LIBS_set=
ac_cv_env_QT_LIBS_value=
ac_cv_env_build_alias_set=
ac_cv_env_build_alias_value=
ac_cv_env_host_alias_set=
ac_cv_env_host_alias_value=
ac_cv_env_target_alias_set=
ac_cv_env_target_alias_value=
ac_cv_func_sigwait=yes
ac_cv_header_inttypes_h=yes
ac_cv_header_memory_h=yes
ac_cv_header_stdc=yes
ac_cv_header_stdint_h=yes
ac_cv_header_stdlib_h=yes
ac_cv_header_string_h=yes
ac_cv_header_strings_h=yes
ac_cv_header_sys_stat_h=yes
ac_cv_header_sys_types_h=yes
ac_cv_header_unistd_h=yes
ac_cv_host=armv7l-unknown-linux-gnueabihf
ac_cv_objext=o
ac_cv_path_CP=/bin/cp
ac_cv_path_EGREP='/bin/grep -E'
ac_cv_path_GMSGFMT=/usr/bin/msgfmt
ac_cv_path_GREP=/bin/grep
ac_cv_path_MSGFMT=/usr/bin/msgfmt
ac_cv_path_MSGMERGE=/usr/bin/msgmerge
ac_cv_path_MV=/bin/mv
ac_cv_path_RM=/bin/rm
ac_cv_path_SED=/bin/sed
ac_cv_path_TPUT=/usr/bin/tput
ac_cv_path_XGETTEXT=/usr/bin/xgettext
ac_cv_path_ac_pt_AR=/usr/bin/ar
ac_cv_path_ac_pt_PKG_CONFIG=/usr/bin/pkg-config
ac_cv_path_ac_pt_RANLIB=/usr/bin/ranlib
ac_cv_path_install='/usr/bin/install -c'
ac_cv_path_mkdir=/bin/mkdir
ac_cv_prog_CPP='gcc -E'
ac_cv_prog_ac_ct_CC=gcc
ac_cv_prog_ac_ct_CXX=g++
ac_cv_prog_cc_c89=
ac_cv_prog_cc_g=yes
ac_cv_prog_cxx_g=yes
ac_cv_prog_have_dbus=yes
ac_cv_prog_make_make_set=yes
ac_cv_search_pthread_create=-lpthread
ac_cv_sys_file_offset_bits=64
ac_cv_sys_largefile_CC=no
ac_cv_target=armv7l-unknown-linux-gnueabihf
acl_cv_hardcode_direct=no
acl_cv_hardcode_libdir_flag_spec='${wl}-rpath ${wl}$libdir'
acl_cv_hardcode_libdir_separator=
acl_cv_hardcode_minus_L=no
acl_cv_libext=a
acl_cv_libname_spec='lib$name'
acl_cv_library_names_spec='$libname$shrext'
acl_cv_path_LD=/usr/bin/ld
acl_cv_prog_gnu_ld=yes
acl_cv_rpath=done
acl_cv_shlibext=so
acl_cv_wl=-Wl,
am_cv_func_iconv=yes
am_cv_func_iconv_works=yes
am_cv_lib_iconv=no
am_cv_proto_iconv='extern size_t iconv (iconv_t cd, char * *inbuf, size_t *inbytesleft, char * *outbuf, size_t *outbytesleft);'
am_cv_proto_iconv_arg1=
gt_cv_func_CFLocaleCopyCurrent=no
gt_cv_func_CFPreferencesCopyAppValue=no
gt_cv_func_gnugettext1_libc=yes
pkg_cv_GIO_CFLAGS='-pthread -I/usr/include/gio-unix-2.0/ -I/usr/include/glib-2.0 -I/usr/lib/arm-linux-gnueabihf/glib-2.0/include'
pkg_cv_GIO_LIBS='-lgio-2.0 -lgobject-2.0 -lglib-2.0'
pkg_cv_GLIB_CFLAGS='-I/usr/include/glib-2.0 -I/usr/lib/arm-linux-gnueabihf/glib-2.0/include'
pkg_cv_GLIB_LIBS=-lglib-2.0
pkg_cv_GMODULE_CFLAGS='-pthread -I/usr/include/glib-2.0 -I/usr/lib/arm-linux-gnueabihf/glib-2.0/include'
pkg_cv_GMODULE_LIBS='-Wl,--export-dynamic -lgmodule-2.0 -pthread -lglib-2.0'
pkg_cv_GTK_CFLAGS='-pthread -I/usr/include/gtk-2.0 -I/usr/lib/arm-linux-gnueabihf/gtk-2.0/include -I/usr/include/gio-unix-2.0/ -I/usr/include/cairo -I/usr/include/pango-1.0 -I/usr/include/atk-1.0 -I/usr/include/cairo -I/usr/include/pixman-1 -I/usr/include/libpng16 -I/usr/include/gdk-pixbuf-2.0 -I/usr/include/libpng16 -I/usr/include/pango-1.0 -I/usr/include/harfbuzz -I/usr/include/pango-1.0 -I/usr/include/glib-2.0 -I/usr/lib/arm-linux-gnueabihf/glib-2.0/include -I/usr/include/freetype2'
pkg_cv_GTK_LIBS='-lgtk-x11-2.0 -lgdk-x11-2.0 -lpangocairo-1.0 -latk-1.0 -lcairo -lgdk_pixbuf-2.0 -lgio-2.0 -lpangoft2-1.0 -lpango-1.0 -lgobject-2.0 -lglib-2.0 -lfontconfig -lfreetype'

## ----------------- ##
## Output variables. ##
## ----------------- ##

AR='/usr/bin/ar'
BIGENDIAN='0'
BUILDSTAMP='unknown build'
CC='gcc'
CC_DEPENDS='yes'
CFLAGS='-g -O2 -std=gnu99 -ffast-math -Wall -pipe -Wtype-limits -fvisibility=hidden'
CLEAN_LIB=''
COPYRIGHT='Copyright (C) 2001-2017 Audacious developers and others'
CP='/bin/cp'
CPP='gcc -E'
CPPFLAGS=' -include config.h'
CXX='g++'
CXXFLAGS='-g -O2 -std=gnu++11 -ffast-math -Wall -pipe -Wtype-limits -Woverloaded-virtual -fvisibility=hidden'
CXX_DEPENDS='yes'
DEFS='-DHAVE_CONFIG_H'
ECHO_C=''
ECHO_N='-n'
ECHO_T=''
EGREP='/bin/grep -E'
EXEEXT=''
GETTEXT_MACRO_VERSION='0.19'
GIO_CFLAGS='-pthread -I/usr/include/gio-unix-2.0/ -I/usr/include/glib-2.0 -I/usr/lib/arm-linux-gnueabihf/glib-2.0/include'
GIO_LIBS='-lgio-2.0 -lgobject-2.0 -lglib-2.0'
GLIB_CFLAGS='-I/usr/include/glib-2.0 -I/usr/lib/arm-linux-gnueabihf/glib-2.0/include'
GLIB_LIBS='-lglib-2.0'
GMODULE_CFLAGS='-pthread -I/usr/include/glib-2.0 -I/usr/lib/arm-linux-gnueabihf/glib-2.0/include'
GMODULE_LIBS='-Wl,--export-dynamic -lgmodule-2.0 -pthread -lglib-2.0'
GMSGFMT='/usr/bin/msgfmt'
GMSGFMT_015='/usr/bin/msgfmt'
GREP='/bin/grep'
GTK_CFLAGS='-pthread -I/usr/include/gtk-2.0 -I/usr/lib/arm-linux-gnueabihf/gtk-2.0/include -I/usr/include/gio-unix-2.0/ -I/usr/include/cairo -I/usr/include/pango-1.0 -I/usr/include/atk-1.0 -I/usr/include/cairo -I/usr/include/pixman-1 -I/usr/include/libpng16 -I/usr/include/gdk-pixbuf-2.0 -I/usr/include/libpng16 -I/usr/include/pango-1.0 -I/usr/include/harfbuzz -I/usr/include/pango-1.0 -I/usr/include/glib-2.0 -I/usr/lib/arm-linux-gnueabihf/glib-2.0/include -I/usr/include/freetype2'
GTK_LIBS='-lgtk-x11-2.0 -lgdk-x11-2.0 -lpangocairo-1.0 -latk-1.0 -lcairo -lgdk_pixbuf-2.0 -lgio-2.0 -lpangoft2-1.0 -lpango-1.0 -lgobject-2.0 -lglib-2.0 -lfontconfig -lfreetype'
HAVE_DARWIN='no'
HAVE_LINUX='yes'
HAVE_MSWINDOWS='no'
INSTALL_DATA='${INSTALL} -m 644'
INSTALL_LIB='&& ${INSTALL} -m 755 $$i ${DESTDIR}${libdir}/$$i.${LIB_MAJOR}.${LIB_MINOR}.0 && ${LN_S} -f $$i.${LIB_MAJOR}.${LIB_MINOR}.0 ${DESTDIR}${libdir}/$$i.${LIB_MAJOR} && ${LN_S} -f $$i.${LIB_MAJOR}.${LIB_MINOR}.0 ${DESTDIR}${libdir}/$$i'
INSTALL_PROGRAM='${INSTALL}'
INSTALL_SCRIPT='${INSTALL}'
INTLLIBS=''
INTL_MACOSX_LIBS=''
LDFLAGS=' -Wl,-z,defs'
LDFLAGS_RPATH='-Wl,-rpath,${libdir}'
LIBICONV=''
LIBINTL=''
LIBOBJS=''
LIBS='-lpthread   '
LIB_CFLAGS='-fPIC -DPIC'
LIB_LDFLAGS='-shared -Wl,-soname=${SHARED_LIB}.${LIB_MAJOR}'
LIB_PREFIX='lib'
LIB_SUFFIX='.so'
LN_S='ln -s'
LTLIBICONV=''
LTLIBINTL=''
LTLIBOBJS=''
MKDIR_P='/bin/mkdir -p'
MSGFMT='/usr/bin/msgfmt'
MSGFMT_015='/usr/bin/msgfmt'
MSGMERGE='/usr/bin/msgmerge'
MV='/bin/mv'
OBJC=''
OBJCFLAGS=''
OBJCPP=''
OBJCXX=''
OBJCXXCPP=''
OBJCXXFLAGS=''
OBJCXX_DEPENDS=''
OBJC_DEPENDS=''
OBJEXT='o'
PACKAGE_BUGREPORT=''
PACKAGE_NAME='audacious'
PACKAGE_STRING='audacious 3.9'
PACKAGE_TARNAME='audacious'
PACKAGE_URL=''
PACKAGE_VERSION='3.9'
PATH_SEPARATOR=':'
PKG_CONFIG='/usr/bin/pkg-config'
PKG_CONFIG_LIBDIR=''
PKG_CONFIG_PATH=''
PLUGIN_CFLAGS='-fPIC -DPIC'
PLUGIN_LDFLAGS='-shared'
PLUGIN_SUFFIX='.so'
POSUB='po'
QTCORE_CFLAGS=''
QTCORE_LIBS=''
QT_CFLAGS=''
QT_LIBS=''
RANLIB='/usr/bin/ranlib'
RM='/bin/rm'
SED='/bin/sed'
SET_MAKE=''
SHELL='/bin/bash'
TERM_BOLD='[1m'
TERM_EL='[K'
TERM_SETAF1='[31m'
TERM_SETAF2='[32m'
TERM_SETAF3='[33m'
TERM_SETAF4='[34m'
TERM_SETAF6='[36m'
TERM_SGR0='(B[m'
TPUT='/usr/bin/tput'
UNINSTALL_LIB='&& rm -f ${DESTDIR}${libdir}/$$i ${DESTDIR}${libdir}/$$i.${LIB_MAJOR} ${DESTDIR}${libdir}/$$i.${LIB_MAJOR}.${LIB_MINOR}.0'
USE_DBUS='yes'
USE_GTK='yes'
USE_NLS='yes'
USE_QT='no'
VALGRIND_FRIENDLY='0'
WINDRES=''
XGETTEXT='/usr/bin/xgettext'
XGETTEXT_015='/usr/bin/xgettext'
XGETTEXT_EXTRA_OPTIONS=''
ac_ct_CC='gcc'
ac_ct_CXX='g++'
ac_ct_OBJC=''
ac_ct_OBJCXX=''
bindir='${exec_prefix}/bin'
build='armv7l-unknown-linux-gnueabihf'
build_alias=''
build_cpu='armv7l'
build_os='linux-gnueabihf'
build_vendor='unknown'
datadir='${datarootdir}'
datarootdir='${prefix}/share'
docdir='${datarootdir}/doc/${PACKAGE_TARNAME}'
dvidir='${docdir}'
exec_prefix='${prefix}'
have_dbus='yes'
host='armv7l-unknown-linux-gnueabihf'
host_alias=''
host_cpu='armv7l'
host_os='linux-gnueabihf'
host_vendor='unknown'
htmldir='${docdir}'
includedir='${prefix}/include'
infodir='${datarootdir}/info'
libdir='${exec_prefix}/lib'
libexecdir='${exec_prefix}/libexec'
localedir='${prefix}/share/locale'
localstatedir='${prefix}/var'
mandir='${datarootdir}/man'
oldincludedir='/usr/include'
pdfdir='${docdir}'
pkgconfigdir='${libdir}/pkgconfig'
plugindir='${exec_prefix}/lib/audacious'
prefix='/usr/local'
program_transform_name='s,x,x,'
psdir='${docdir}'
sbindir='${exec_prefix}/sbin'
sharedstatedir='${prefix}/com'
sysconfdir='${prefix}/etc'
target='armv7l-unknown-linux-gnueabihf'
target_alias=''
target_cpu='armv7l'
target_os='linux-gnueabihf'
target_vendor='unknown'

## ----------- ##
## confdefs.h. ##
## ----------- ##

/* confdefs.h */
#define PACKAGE_NAME "audacious"
#define PACKAGE_TARNAME "audacious"
#define PACKAGE_VERSION "3.9"
#define PACKAGE_STRING "audacious 3.9"
#define PACKAGE_BUGREPORT ""
#define PACKAGE_URL ""
#define PACKAGE "audacious"
#define VERSION "3.9"
#define COPYRIGHT "Copyright (C) 2001-2017 Audacious developers and others"
#define STDC_HEADERS 1
#define HAVE_SYS_TYPES_H 1
#define HAVE_SYS_STAT_H 1
#define HAVE_STDLIB_H 1
#define HAVE_STRING_H 1
#define HAVE_MEMORY_H 1
#define HAVE_STRINGS_H 1
#define HAVE_INTTYPES_H 1
#define HAVE_STDINT_H 1
#define HAVE_UNISTD_H 1
#define _FILE_OFFSET_BITS 64
#define EXPORT __attribute__((visibility("default")))
#define USE_GTK 1
#define PLUGIN_SUFFIX ".so"
#define HAVE_SIGWAIT 1
#define HAVE_ICONV 1
#define ICONV_CONST 
#define ENABLE_NLS 1
#define HAVE_GETTEXT 1
#define HAVE_DCGETTEXT 1
#define BUILDSTAMP "unknown build"
#define USE_DBUS 1

configure: exit 0
